<?xml version="1.0" encoding="utf-8"?><testsuites><testsuite name="pytest" errors="0" failures="0" skipped="0" tests="0" time="0.215" timestamp="2021-09-15T17:13:11.872779" hostname="localhost" /></testsuites>