<?xml version="1.0" encoding="utf-8"?><testsuites><testsuite name="pytest" errors="0" failures="0" skipped="0" tests="0" time="0.188" timestamp="2021-10-04T21:14:23.269691" hostname="localhost" /></testsuites>