<?xml version="1.0" encoding="utf-8"?><testsuites><testsuite name="pytest" errors="0" failures="0" skipped="0" tests="0" time="0.264" timestamp="2021-10-20T14:18:35.662383" hostname="localhost" /></testsuites>