<?xml version="1.0" encoding="utf-8"?><testsuites><testsuite name="pytest" errors="0" failures="0" skipped="0" tests="0" time="0.236" timestamp="2021-09-29T19:28:42.583489" hostname="localhost" /></testsuites>