<?xml version="1.0" encoding="utf-8"?><testsuites><testsuite name="pytest" errors="0" failures="0" skipped="0" tests="0" time="0.197" timestamp="2021-09-07T13:20:27.298314" hostname="localhost" /></testsuites>