<?xml version="1.0" encoding="utf-8"?><testsuites><testsuite name="pytest" errors="0" failures="0" skipped="0" tests="0" time="0.179" timestamp="2021-07-19T15:37:15.965835" hostname="localhost" /></testsuites>