<?xml version="1.0" encoding="utf-8"?><testsuites><testsuite name="pytest" errors="0" failures="0" skipped="0" tests="9" time="97.107" timestamp="2021-09-03T14:51:03.722428" hostname="localhost"><testcase classname="tests.admin.governance.schemas.test_schemas" name="test_create_schema_via_web" time="6.659" /><testcase classname="tests.admin.governance.schemas.test_schemas" name="test_get_schemas_via_web" time="11.734" /><testcase classname="tests.admin.governance.schemas.test_schemas" name="test_get_schema_via_web" time="9.071" /><testcase classname="tests.admin.governance.schemas.test_schemas" name="test_create_one_schema" time="9.043" /><testcase classname="tests.admin.governance.schemas.test_schemas" name="test_update_schemas" time="12.081" /><testcase classname="tests.admin.governance.schemas.test_schemas" name="test_create_two_schemas" time="12.117" /><testcase classname="tests.admin.governance.schemas.test_schemas" name="test_get_schemas" time="12.095" /><testcase classname="tests.admin.governance.schemas.test_schemas" name="test_get_schemas_detail_list" time="12.239" /><testcase classname="tests.admin.governance.schemas.test_schemas" name="test_update_schema" time="11.936" /></testsuite></testsuites>