<?xml version="1.0" encoding="utf-8"?><testsuites><testsuite name="pytest" errors="0" failures="0" skipped="0" tests="0" time="0.374" timestamp="2021-09-13T17:16:36.728319" hostname="localhost" /></testsuites>