<?xml version="1.0" encoding="utf-8"?><testsuites><testsuite name="pytest" errors="0" failures="0" skipped="0" tests="0" time="0.195" timestamp="2021-08-13T12:19:41.907744" hostname="localhost" /></testsuites>