<?xml version="1.0" encoding="utf-8"?><testsuites><testsuite name="pytest" errors="0" failures="0" skipped="0" tests="29" time="9.431" timestamp="2021-10-21T17:37:28.646177" hostname="localhost"><testcase classname="trustregistry.tests.test_actor" name="test_get_actors" time="0.024" /><testcase classname="trustregistry.tests.test_actor" name="test_register_actor" time="0.040" /><testcase classname="trustregistry.tests.test_actor" name="test_update_actor" time="0.035" /><testcase classname="trustregistry.tests.test_actor" name="test_remove_schema" time="0.021" /><testcase classname="trustregistry.tests.test_crud" name="test_get_actors" time="0.003" /><testcase classname="trustregistry.tests.test_crud" name="test_create_actor" time="0.008" /><testcase classname="trustregistry.tests.test_crud" name="test_update_actor" time="0.007" /><testcase classname="trustregistry.tests.test_crud" name="test_delete_actor" time="0.005" /><testcase classname="trustregistry.tests.test_crud" name="test_get_schemas" time="0.006" /><testcase classname="trustregistry.tests.test_crud" name="test_create_schema" time="0.012" /><testcase classname="trustregistry.tests.test_crud" name="test_update_schema" time="0.008" /><testcase classname="trustregistry.tests.test_crud" name="test_delete_schema" time="0.005" /><testcase classname="trustregistry.tests.test_main" name="test_root" time="0.009" /><testcase classname="trustregistry.tests.test_main" name="test_registry" time="0.010" /><testcase classname="trustregistry.tests.test_models" name="test_actor" time="0.001" /><testcase classname="trustregistry.tests.test_models" name="test_schema" time="0.001" /><testcase classname="trustregistry.tests.test_schema" name="test_get_schemas" time="0.011" /><testcase classname="trustregistry.tests.test_schema" name="test_register_schema" time="0.027" /><testcase classname="trustregistry.tests.test_schema" name="test_update_schema" time="0.026" /><testcase classname="trustregistry.tests.test_schema" name="test_remove_schema" time="0.014" /><testcase classname="trustregistry.tests.test_schemas" name="test_actor" time="0.001" /><testcase classname="trustregistry.tests.test_schemas" name="test_schema" time="0.002" /><testcase classname="app.tests.test_acapy_ledger_facade" name="test_error_on_get_taa" time="0.005" /><testcase classname="app.tests.test_acapy_ledger_facade" name="test_error_on_accept_taa" time="0.003" /><testcase classname="app.tests.test_acapy_ledger_facade" name="test_error_on_get_did_endpoint" time="0.004" /><testcase classname="app.tests.test_acapy_wallet_facade" name="test_error_on_get_pub_did" time="0.004" /><testcase classname="app.tests.test_acapy_wallet_facade" name="test_error_on_assign_pub_did" time="0.003" /><testcase classname="app.tests.test_acapy_wallet_facade" name="test_error_on_create_pub_did" time="0.003" /><testcase classname="app.tests.test_connections" name="test_create_invite" time="3.688" /></testsuite></testsuites>