<?xml version="1.0" encoding="utf-8"?><testsuites><testsuite name="pytest" errors="0" failures="0" skipped="0" tests="0" time="0.411" timestamp="2021-10-06T07:58:04.085347" hostname="localhost" /></testsuites>