<?xml version="1.0" encoding="utf-8"?><testsuites><testsuite name="pytest" errors="0" failures="0" skipped="0" tests="0" time="0.484" timestamp="2021-09-22T11:33:19.616148" hostname="localhost" /></testsuites>