<?xml version="1.0" encoding="utf-8"?><testsuites><testsuite name="pytest" errors="0" failures="0" skipped="0" tests="5" time="31.850" timestamp="2021-07-15T09:05:31.845955" hostname="localhost"><testcase classname="tests.test_connections" name="test_create_invite" time="6.035" /><testcase classname="tests.test_connections" name="test_accept_invite" time="6.453" /><testcase classname="tests.test_connections" name="test_get_connections" time="6.335" /><testcase classname="tests.test_connections" name="test_get_connection_by_id" time="6.387" /><testcase classname="tests.test_connections" name="test_delete_connection" time="6.584" /></testsuite></testsuites>