<?xml version="1.0" encoding="utf-8"?><testsuites><testsuite name="pytest" errors="0" failures="0" skipped="0" tests="2" time="10.742" timestamp="2021-07-05T14:31:36.963425" hostname="localhost"><testcase classname="tests.admin.governance.dids.test_dids" name="test_get_trusted_registry" time="0.346" /><testcase classname="tests.admin.governance.dids.test_dids" name="test_get_trusted_partner" time="10.331" /></testsuite></testsuites>
