<?xml version="1.0" encoding="utf-8"?><testsuites><testsuite name="pytest" errors="0" failures="0" skipped="0" tests="7" time="28.040" timestamp="2021-07-14T15:50:01.996537" hostname="vineeth-G3-3579"><testcase classname="tests.admin.governance.wallet.test_wallets" name="test_list_dids" time="0.078" /><testcase classname="tests.admin.governance.wallet.test_wallets" name="test_create_local_did" time="0.486" /><testcase classname="tests.admin.governance.wallet.test_wallets" name="test_fetch_current_did" time="0.040" /><testcase classname="tests.admin.governance.wallet.test_wallets" name="test_get_did_endpoint" time="0.045" /><testcase classname="tests.admin.governance.wallet.test_wallets" name="test_assign_pub_did" time="8.780" /><testcase classname="tests.admin.governance.wallet.test_wallets" name="test_set_did_endpoint" time="7.456" /><testcase classname="tests.admin.governance.wallet.test_wallets" name="test_create_pub_did" time="11.116" /></testsuite></testsuites>