<?xml version="1.0" encoding="utf-8"?><testsuites><testsuite name="pytest" errors="0" failures="0" skipped="0" tests="3" time="42.438" timestamp="2021-06-17T19:08:45.278285" hostname="localhost"><testcase classname="tests.bdd.steps.test_001_wallet" name="test_GetPublicDid" time="18.476" /><testcase classname="tests.bdd.steps.test_001_wallet" name="test_gen_pub_did" time="18.851" /><testcase classname="tests.bdd.steps.test_001_wallet" name="test_gen_pub_did_no_key" time="5.020" /></testsuite></testsuites>