<?xml version="1.0" encoding="utf-8"?><testsuites><testsuite name="pytest" errors="0" failures="0" skipped="0" tests="0" time="0.208" timestamp="2021-09-15T11:24:03.774397" hostname="localhost" /></testsuites>