<?xml version="1.0" encoding="utf-8"?><testsuites><testsuite name="pytest" errors="0" failures="0" skipped="0" tests="9" time="0.171" timestamp="2021-09-01T12:59:37.651259" hostname="localhost"><testcase classname="tests.test_dependencies" name="test_extract_token_from_bearer" time="0.002" /><testcase classname="tests.test_dependencies" name="test_yoma_agent" time="0.008" /><testcase classname="tests.test_dependencies" name="test_ecosystem_agent" time="0.007" /><testcase classname="tests.test_dependencies" name="test_member_agent" time="0.007" /><testcase classname="tests.test_dependencies" name="test_member_admin_agent" time="0.007" /><testcase classname="tests.test_dependencies" name="test_agent_selector[agent_selector-False-AcaPyClient]" time="0.016" /><testcase classname="tests.test_dependencies" name="test_agent_selector[admin_agent_selector-True-AcaPyClient]" time="0.016" /><testcase classname="tests.test_dependencies" name="test_web_ecosystem_or_member" time="0.057" /><testcase classname="tests.test_dependencies" name="test_ecosystem_admin_agent" time="0.007" /></testsuite></testsuites>