<?xml version="1.0" encoding="utf-8"?><testsuites><testsuite name="pytest" errors="0" failures="0" skipped="0" tests="0" time="0.181" timestamp="2021-07-15T09:16:29.539929" hostname="localhost" /></testsuites>