<?xml version="1.0" encoding="utf-8"?><testsuites><testsuite name="pytest" errors="0" failures="0" skipped="0" tests="0" time="0.201" timestamp="2021-07-21T21:11:32.635106" hostname="localhost" /></testsuites>