<?xml version="1.0" encoding="utf-8"?><testsuites><testsuite name="pytest" errors="0" failures="0" skipped="0" tests="0" time="0.213" timestamp="2021-10-17T10:41:11.876534" hostname="localhost" /></testsuites>