<?xml version="1.0" encoding="utf-8"?><testsuites><testsuite name="pytest" errors="0" failures="0" skipped="0" tests="6" time="164.421" timestamp="2021-07-07T13:46:39.168182" hostname="localhost"><testcase classname="tests.admin.governance.credential_definitions.test_credential_definitions" name="test_create_credential_definition" time="17.327" /><testcase classname="tests.admin.governance.credential_definitions.test_credential_definitions" name="test_create_credential_definition_via_web" time="32.684" /><testcase classname="tests.admin.governance.credential_definitions.test_credential_definitions" name="test_get_credential_definitions" time="42.926" /><testcase classname="tests.admin.governance.credential_definitions.test_credential_definitions" name="test_get_credential_definitions_via_web" time="22.830" /><testcase classname="tests.admin.governance.credential_definitions.test_credential_definitions" name="test_get_credential_definition" time="18.663" /><testcase classname="tests.admin.governance.credential_definitions.test_credential_definitions" name="test_get_credential_definition_via_web" time="29.905" /></testsuite></testsuites>