<?xml version="1.0" encoding="utf-8"?><testsuites><testsuite name="pytest" errors="0" failures="0" skipped="0" tests="0" time="0.319" timestamp="2021-10-20T10:42:04.255983" hostname="localhost" /></testsuites>