<?xml version="1.0" encoding="utf-8"?><testsuites><testsuite name="pytest" errors="0" failures="0" skipped="0" tests="1" time="0.087" timestamp="2021-09-01T13:12:19.174544" hostname="localhost"><testcase classname="tests.test_exception_handler" name="test_error_handler" time="0.040" /></testsuite></testsuites>