<?xml version="1.0" encoding="utf-8"?><testsuites><testsuite name="pytest" errors="0" failures="0" skipped="0" tests="0" time="0.287" timestamp="2021-10-28T21:02:43.205408" hostname="localhost" /></testsuites>