<?xml version="1.0" encoding="utf-8"?><testsuites><testsuite name="pytest" errors="0" failures="0" skipped="0" tests="6" time="6.371" timestamp="2021-07-14T13:52:03.989795" hostname="vineeth-G3-3579"><testcase classname="tests.admin.governance.multitenantwallet.test_wallet_admin" name="test_get_subwallet_auth_token" time="1.162" /><testcase classname="tests.admin.governance.multitenantwallet.test_wallet_admin" name="test_get_subwallet" time="1.281" /><testcase classname="tests.admin.governance.multitenantwallet.test_wallet_admin" name="test_update_wallet" time="1.378" /><testcase classname="tests.admin.governance.multitenantwallet.test_wallet_admin" name="test_query_subwallet" time="0.019" /><testcase classname="tests.admin.governance.multitenantwallet.test_wallet_admin" name="test_create_wallet" time="1.269" /><testcase classname="tests.admin.governance.multitenantwallet.test_wallet_admin" name="test_remove_by_id" time="1.221" /></testsuite></testsuites>
