<?xml version="1.0" encoding="utf-8"?><testsuites><testsuite name="pytest" errors="0" failures="0" skipped="0" tests="6" time="6.972" timestamp="2021-07-14T14:40:27.867853" hostname="vineeth-G3-3579"><testcase classname="tests.admin.governance.multitenantwallet.test_wallet_admin" name="test_get_subwallet_auth_token" time="1.208" /><testcase classname="tests.admin.governance.multitenantwallet.test_wallet_admin" name="test_get_subwallet" time="1.193" /><testcase classname="tests.admin.governance.multitenantwallet.test_wallet_admin" name="test_update_wallet" time="2.051" /><testcase classname="tests.admin.governance.multitenantwallet.test_wallet_admin" name="test_query_subwallet" time="0.048" /><testcase classname="tests.admin.governance.multitenantwallet.test_wallet_admin" name="test_create_wallet" time="1.232" /><testcase classname="tests.admin.governance.multitenantwallet.test_wallet_admin" name="test_remove_by_id" time="1.209" /></testsuite></testsuites>