<?xml version="1.0" encoding="utf-8"?><testsuites><testsuite name="pytest" errors="0" failures="0" skipped="0" tests="4" time="30.466" timestamp="2021-11-18T16:22:38.971493" hostname="MacBook-Pro-van-Moritz.local"><testcase classname="tests.proof.test_proof" name="test_send_proof_request" time="25.290" /><testcase classname="tests.proof.test_proof" name="test_create_proof_request" time="0.023" /><testcase classname="tests.proof.test_proof" name="test_accept_proof_request" time="5.057" /><testcase classname="tests.proof.test_proof" name="test_reject_proof_request" time="0.055" /></testsuite></testsuites>