<?xml version="1.0" encoding="utf-8"?><testsuites><testsuite name="pytest" errors="0" failures="0" skipped="0" tests="0" time="0.176" timestamp="2021-07-22T09:25:20.847625" hostname="localhost" /></testsuites>