<?xml version="1.0" encoding="utf-8"?><testsuites><testsuite name="pytest" errors="0" failures="0" skipped="0" tests="2" time="10.197" timestamp="2021-06-30T09:22:03.431232" hostname="localhost"><testcase classname="tests.admin.wallet.test_did" name="test_assign_public_did" time="10.136" /><testcase classname="tests.admin.wallet.test_did" name="test_assign_public_did_no_api_key" time="0.003" /></testsuite></testsuites>