<?xml version="1.0" encoding="utf-8"?><testsuites><testsuite name="pytest" errors="0" failures="0" skipped="0" tests="4" time="26.932" timestamp="2021-11-22T11:54:33.614365" hostname="MBP-van-Moritz"><testcase classname="tests.proof.test_proof" name="test_send_proof_request" time="26.689" /><testcase classname="tests.proof.test_proof" name="test_create_proof_request" time="0.041" /><testcase classname="tests.proof.test_proof" name="test_accept_proof_request" time="0.094" /><testcase classname="tests.proof.test_proof" name="test_reject_proof_request" time="0.059" /></testsuite></testsuites>