<?xml version="1.0" encoding="utf-8"?><testsuites><testsuite name="pytest" errors="0" failures="0" skipped="0" tests="0" time="0.295" timestamp="2021-10-22T10:22:41.795728" hostname="localhost" /></testsuites>