<?xml version="1.0" encoding="utf-8"?><testsuites><testsuite name="pytest" errors="0" failures="0" skipped="0" tests="0" time="0.244" timestamp="2021-10-27T19:48:27.554244" hostname="localhost" /></testsuites>