<?xml version="1.0" encoding="utf-8"?><testsuites><testsuite name="pytest" errors="0" failures="0" skipped="0" tests="10" time="85.489" timestamp="2021-09-15T10:59:30.944650" hostname="localhost"><testcase classname="tests.test_connections" name="test_create_invite" time="5.896" /><testcase classname="tests.test_connections" name="test_accept_invite" time="11.921" /><testcase classname="tests.test_connections" name="test_get_connections" time="6.566" /><testcase classname="tests.test_connections" name="test_get_connection_by_id" time="6.425" /><testcase classname="tests.test_connections" name="test_delete_connection" time="7.809" /><testcase classname="tests.test_connections" name="test_bob_and_alice_connect" time="17.252" /><testcase classname="tests.test_connections" name="test_bob_has_agent" time="5.591" /><testcase classname="tests.test_connections" name="test_create_invite_oob" time="6.577" /><testcase classname="tests.test_connections" name="test_accept_invite_oob" time="6.397" /><testcase classname="tests.test_connections" name="test_oob_connect_via_pubdid" time="10.966" /></testsuite></testsuites>