<?xml version="1.0" encoding="utf-8"?><testsuites><testsuite name="pytest" errors="0" failures="0" skipped="0" tests="7" time="88.116" timestamp="2021-07-19T20:02:14.152354" hostname="localhost"><testcase classname="tests.test_issuer_v1" name="test_send_credential" time="88.033" /><testcase classname="tests.test_issuer_v1" name="test_send_proposal" time="0.002" /><testcase classname="tests.test_issuer_v1" name="test_store_credential" time="0.002" /><testcase classname="tests.test_issuer_v1" name="test_send_request" time="0.002" /><testcase classname="tests.test_issuer_v1" name="test_send_offer" time="0.001" /><testcase classname="tests.test_issuer_v1" name="test_problem_report" time="0.002" /><testcase classname="tests.test_issuer_v1" name="test_get_records" time="0.012" /></testsuite></testsuites>