<?xml version="1.0" encoding="utf-8"?><testsuites><testsuite name="pytest" errors="6" failures="0" skipped="0" tests="101" time="478.281" timestamp="2021-10-12T09:05:20.825793" hostname="localhost"><testcase classname="trustregistry.tests.test_actor" name="test_get_actors" time="0.032" /><testcase classname="trustregistry.tests.test_actor" name="test_register_actor" time="0.050" /><testcase classname="trustregistry.tests.test_actor" name="test_update_actor" time="0.034" /><testcase classname="trustregistry.tests.test_actor" name="test_remove_schema" time="0.031" /><testcase classname="trustregistry.tests.test_crud" name="test_get_actors" time="0.005" /><testcase classname="trustregistry.tests.test_crud" name="test_create_actor" time="0.008" /><testcase classname="trustregistry.tests.test_crud" name="test_update_actor" time="0.009" /><testcase classname="trustregistry.tests.test_crud" name="test_delete_actor" time="0.006" /><testcase classname="trustregistry.tests.test_crud" name="test_get_schemas" time="0.008" /><testcase classname="trustregistry.tests.test_crud" name="test_create_schema" time="0.017" /><testcase classname="trustregistry.tests.test_crud" name="test_update_schema" time="0.009" /><testcase classname="trustregistry.tests.test_crud" name="test_delete_schema" time="0.011" /><testcase classname="trustregistry.tests.test_main" name="test_root" time="0.010" /><testcase classname="trustregistry.tests.test_main" name="test_registry" time="0.009" /><testcase classname="trustregistry.tests.test_models" name="test_actor" time="0.002" /><testcase classname="trustregistry.tests.test_models" name="test_schema" time="0.003" /><testcase classname="trustregistry.tests.test_schema" name="test_get_schemas" time="0.015" /><testcase classname="trustregistry.tests.test_schema" name="test_register_schema" time="0.036" /><testcase classname="trustregistry.tests.test_schema" name="test_update_schema" time="0.030" /><testcase classname="trustregistry.tests.test_schema" name="test_remove_schema" time="0.016" /><testcase classname="trustregistry.tests.test_schemas" name="test_actor" time="0.001" /><testcase classname="trustregistry.tests.test_schemas" name="test_schema" time="0.001" /><testcase classname="app.tests.test_acapy_ledger_facade" name="test_error_on_get_taa" time="0.017" /><testcase classname="app.tests.test_acapy_ledger_facade" name="test_error_on_accept_taa" time="0.010" /><testcase classname="app.tests.test_acapy_ledger_facade" name="test_error_on_get_did_endpoint" time="0.006" /><testcase classname="app.tests.test_acapy_wallet_facade" name="test_error_on_get_pub_did" time="0.004" /><testcase classname="app.tests.test_acapy_wallet_facade" name="test_error_on_assign_pub_did" time="0.008" /><testcase classname="app.tests.test_acapy_wallet_facade" name="test_error_on_create_pub_did" time="0.004" /><testcase classname="app.tests.test_connections" name="test_create_invite" time="5.042" /><testcase classname="app.tests.test_connections" name="test_accept_invite" time="5.600" /><testcase classname="app.tests.test_connections" name="test_get_connections" time="5.828" /><testcase classname="app.tests.test_connections" name="test_get_connection_by_id" time="6.263" /><testcase classname="app.tests.test_connections" name="test_delete_connection" time="5.207" /><testcase classname="app.tests.test_connections" name="test_bob_and_alice_connect" time="25.823" /><testcase classname="app.tests.test_connections" name="test_bob_has_agent" time="10.161" /><testcase classname="app.tests.test_connections" name="test_create_invite_oob" time="5.210" /><testcase classname="app.tests.test_connections" name="test_accept_invite_oob" time="5.306" /><testcase classname="app.tests.test_connections" name="test_oob_connect_via_pubdid" time="8.887" /><testcase classname="app.tests.test_dependencies" name="test_extract_token_from_bearer" time="0.001" /><testcase classname="app.tests.test_dependencies" name="test_yoma_agent" time="0.015" /><testcase classname="app.tests.test_dependencies" name="test_ecosystem_agent" time="0.018" /><testcase classname="app.tests.test_dependencies" name="test_member_agent" time="0.020" /><testcase classname="app.tests.test_dependencies" name="test_member_admin_agent" time="0.017" /><testcase classname="app.tests.test_dependencies" name="test_agent_selector[agent_selector-False-AcaPyClient]" time="0.034" /><testcase classname="app.tests.test_dependencies" name="test_agent_selector[admin_agent_selector-True-AcaPyClient]" time="0.031" /><testcase classname="app.tests.test_dependencies" name="test_web_ecosystem_or_member" time="0.108" /><testcase classname="app.tests.test_dependencies" name="test_ecosystem_admin_agent" time="0.015" /><testcase classname="app.tests.test_exception_handler" name="test_error_handler" time="0.039" /><testcase classname="app.tests.test_messaging" name="test_send_trust_ping" time="35.740" /><testcase classname="app.tests.test_messaging" name="test_send_message" time="0.045" /><testcase classname="app.tests.test_utils" name="test_construct_zkp" time="0.001" /><testcase classname="app.tests.test_utils" name="test_construct_zkp_empty" time="0.001" /><testcase classname="app.tests.test_utils" name="test_construct_indy_proof_request" time="0.001" /><testcase classname="app.tests.test_via_web_wallet" name="test_get_pub_did_via_web" time="3.509" /><testcase classname="app.tests.test_via_web_wallet" name="test_get_pub_did_via_web_no_header" time="0.007" /><testcase classname="app.tests.admin.governance.credential_definitions.test_credential_definitions" name="test_create_credential_definition" time="16.732" /><testcase classname="app.tests.admin.governance.credential_definitions.test_credential_definitions" name="test_create_credential_definition_via_web" time="22.141" /><testcase classname="app.tests.admin.governance.credential_definitions.test_credential_definitions" name="test_get_credential_definitions" time="25.239" /><testcase classname="app.tests.admin.governance.credential_definitions.test_credential_definitions" name="test_get_credential_definitions_via_web" time="30.585" /><testcase classname="app.tests.admin.governance.credential_definitions.test_credential_definitions" name="test_get_credential_definition" time="53.026" /><testcase classname="app.tests.admin.governance.credential_definitions.test_credential_definitions" name="test_get_credential_definition_via_web" time="28.474" /><testcase classname="app.tests.admin.governance.dids.test_dids" name="test_get_trusted_registry" time="0.140" /><testcase classname="app.tests.admin.governance.dids.test_dids" name="test_get_trusted_partner" time="5.993" /><testcase classname="app.tests.admin.governance.multitenantwallet.test_wallet_admin" name="test_get_subwallet_auth_token" time="3.803"><error message="failed on teardown with &quot;AttributeError: 'ClientResponseError' object has no attribute 'value'&quot;">async_client = &lt;httpx.AsyncClient object at 0x7f33e298d340&gt;
member_admin_agent_mock = &lt;aries_cloudcontroller.acapy_client.AcaPyClient object at 0x7f33e298d2b0&gt;

    @pytest.fixture(name="create_wallet")
    async def fixture_create_wallet(async_client, member_admin_agent_mock):
        wallet_response = await write_wallet(async_client)
        wallet_id = wallet_response["wallet_id"]
        yield wallet_response
        response = await async_client.delete(
            f"{WALLET_PATH}/{wallet_id}",
            headers=WALLET_HEADERS,
        )
        assert response.status_code == 200
        assert response.json() == {"status": "Successfully removed wallet"}

        wallets = await query_subwallet(
            wallet_name=None, aries_controller=member_admin_agent_mock
        )
        for w in wallets.results:
&gt;           await async_client.delete(
                f"{WALLET_PATH}/{w.wallet_id}",
                headers=WALLET_HEADERS,
            )

app/tests/admin/governance/multitenantwallet/test_wallet_admin.py:47:
_ _ _ _ _ _ _ _ _ _ _ _ _ _ _ _ _ _ _ _ _ _ _ _ _ _ _ _ _ _ _ _ _ _ _ _ _ _ _ _ _ _ _ _ _ _ _ _ _ _ _ _ _ _ _ _ _ _ _ _ _ _ _ _ _ _ _ _ _ _ _
../.venv-fastapi/lib/python3.8/site-packages/httpx/_client.py:1847: in delete
    return await self.request(
../.venv-fastapi/lib/python3.8/site-packages/httpx/_client.py:1425: in request
    response = await self.send(
../.venv-fastapi/lib/python3.8/site-packages/httpx/_client.py:1510: in send
    response = await self._send_handling_auth(
../.venv-fastapi/lib/python3.8/site-packages/httpx/_client.py:1545: in _send_handling_auth
    response = await self._send_handling_redirects(
../.venv-fastapi/lib/python3.8/site-packages/httpx/_client.py:1579: in _send_handling_redirects
    response = await self._send_single_request(request, timeout)
../.venv-fastapi/lib/python3.8/site-packages/httpx/_client.py:1620: in _send_single_request
    ) = await transport.handle_async_request(
../.venv-fastapi/lib/python3.8/site-packages/httpx/_transports/asgi.py:157: in handle_async_request
    await self.app(scope, receive, send)
../.venv-fastapi/lib/python3.8/site-packages/fastapi/applications.py:199: in __call__
    await super().__call__(scope, receive, send)
../.venv-fastapi/lib/python3.8/site-packages/starlette/applications.py:112: in __call__
    await self.middleware_stack(scope, receive, send)
../.venv-fastapi/lib/python3.8/site-packages/starlette/middleware/errors.py:181: in __call__
    raise exc from None
../.venv-fastapi/lib/python3.8/site-packages/starlette/middleware/errors.py:159: in __call__
    await self.app(scope, receive, _send)
../.venv-fastapi/lib/python3.8/site-packages/starlette/exceptions.py:82: in __call__
    raise exc from None
../.venv-fastapi/lib/python3.8/site-packages/starlette/exceptions.py:71: in __call__
    await self.app(scope, receive, sender)
../.venv-fastapi/lib/python3.8/site-packages/starlette/routing.py:580: in __call__
    await route.handle(scope, receive, send)
../.venv-fastapi/lib/python3.8/site-packages/starlette/routing.py:241: in handle
    await self.app(scope, receive, send)
../.venv-fastapi/lib/python3.8/site-packages/starlette/routing.py:52: in app
    response = await func(request)
../.venv-fastapi/lib/python3.8/site-packages/fastapi/routing.py:214: in app
    raw_response = await run_endpoint_function(
../.venv-fastapi/lib/python3.8/site-packages/fastapi/routing.py:149: in run_endpoint_function
    return await dependant.call(**values)
_ _ _ _ _ _ _ _ _ _ _ _ _ _ _ _ _ _ _ _ _ _ _ _ _ _ _ _ _ _ _ _ _ _ _ _ _ _ _ _ _ _ _ _ _ _ _ _ _ _ _ _ _ _ _ _ _ _ _ _ _ _ _ _ _ _ _ _ _ _ _

wallet_id = '797760d2-e644-48ec-8936-47daf95ce959', remove_wallet_request = {}
aries_controller = &lt;aries_cloudcontroller.acapy_client.AcaPyClient object at 0x7f33e294d370&gt;

    @router.delete("/{wallet_id}")
    async def remove_subwallet_by_id(
        wallet_id: str,
        remove_wallet_request: Optional[RemoveWalletRequest] = {},
        aries_controller: AcaPyClient = Depends(admin_agent_selector),
    ):
        """
        Remove subwallet by id.

        Parameters:
        wallet_id: str
        """
        try:
            response = await aries_controller.multitenancy.delete_wallet(
                wallet_id=wallet_id, body=remove_wallet_request
            )
            if response == {}:
                return {"status": "Successfully removed wallet"}
            else:
                raise HTTPException(500, "Unable to delete sub wallet")
        except ClientError as client_error:
&gt;           if client_error.value.status == 401:
E           AttributeError: 'ClientResponseError' object has no attribute 'value'

app/admin/governance/multitenant_wallet/wallet_admin.py:355: AttributeError</error></testcase><testcase classname="app.tests.admin.governance.multitenantwallet.test_wallet_admin" name="test_get_subwallet" time="3.228"><error message="failed on teardown with &quot;AttributeError: 'ClientResponseError' object has no attribute 'value'&quot;">async_client = &lt;httpx.AsyncClient object at 0x7f33e2562220&gt;
member_admin_agent_mock = &lt;aries_cloudcontroller.acapy_client.AcaPyClient object at 0x7f33e2562280&gt;

    @pytest.fixture(name="create_wallet")
    async def fixture_create_wallet(async_client, member_admin_agent_mock):
        wallet_response = await write_wallet(async_client)
        wallet_id = wallet_response["wallet_id"]
        yield wallet_response
        response = await async_client.delete(
            f"{WALLET_PATH}/{wallet_id}",
            headers=WALLET_HEADERS,
        )
        assert response.status_code == 200
        assert response.json() == {"status": "Successfully removed wallet"}

        wallets = await query_subwallet(
            wallet_name=None, aries_controller=member_admin_agent_mock
        )
        for w in wallets.results:
&gt;           await async_client.delete(
                f"{WALLET_PATH}/{w.wallet_id}",
                headers=WALLET_HEADERS,
            )

app/tests/admin/governance/multitenantwallet/test_wallet_admin.py:47:
_ _ _ _ _ _ _ _ _ _ _ _ _ _ _ _ _ _ _ _ _ _ _ _ _ _ _ _ _ _ _ _ _ _ _ _ _ _ _ _ _ _ _ _ _ _ _ _ _ _ _ _ _ _ _ _ _ _ _ _ _ _ _ _ _ _ _ _ _ _ _
../.venv-fastapi/lib/python3.8/site-packages/httpx/_client.py:1847: in delete
    return await self.request(
../.venv-fastapi/lib/python3.8/site-packages/httpx/_client.py:1425: in request
    response = await self.send(
../.venv-fastapi/lib/python3.8/site-packages/httpx/_client.py:1510: in send
    response = await self._send_handling_auth(
../.venv-fastapi/lib/python3.8/site-packages/httpx/_client.py:1545: in _send_handling_auth
    response = await self._send_handling_redirects(
../.venv-fastapi/lib/python3.8/site-packages/httpx/_client.py:1579: in _send_handling_redirects
    response = await self._send_single_request(request, timeout)
../.venv-fastapi/lib/python3.8/site-packages/httpx/_client.py:1620: in _send_single_request
    ) = await transport.handle_async_request(
../.venv-fastapi/lib/python3.8/site-packages/httpx/_transports/asgi.py:157: in handle_async_request
    await self.app(scope, receive, send)
../.venv-fastapi/lib/python3.8/site-packages/fastapi/applications.py:199: in __call__
    await super().__call__(scope, receive, send)
../.venv-fastapi/lib/python3.8/site-packages/starlette/applications.py:112: in __call__
    await self.middleware_stack(scope, receive, send)
../.venv-fastapi/lib/python3.8/site-packages/starlette/middleware/errors.py:181: in __call__
    raise exc from None
../.venv-fastapi/lib/python3.8/site-packages/starlette/middleware/errors.py:159: in __call__
    await self.app(scope, receive, _send)
../.venv-fastapi/lib/python3.8/site-packages/starlette/exceptions.py:82: in __call__
    raise exc from None
../.venv-fastapi/lib/python3.8/site-packages/starlette/exceptions.py:71: in __call__
    await self.app(scope, receive, sender)
../.venv-fastapi/lib/python3.8/site-packages/starlette/routing.py:580: in __call__
    await route.handle(scope, receive, send)
../.venv-fastapi/lib/python3.8/site-packages/starlette/routing.py:241: in handle
    await self.app(scope, receive, send)
../.venv-fastapi/lib/python3.8/site-packages/starlette/routing.py:52: in app
    response = await func(request)
../.venv-fastapi/lib/python3.8/site-packages/fastapi/routing.py:214: in app
    raw_response = await run_endpoint_function(
../.venv-fastapi/lib/python3.8/site-packages/fastapi/routing.py:149: in run_endpoint_function
    return await dependant.call(**values)
_ _ _ _ _ _ _ _ _ _ _ _ _ _ _ _ _ _ _ _ _ _ _ _ _ _ _ _ _ _ _ _ _ _ _ _ _ _ _ _ _ _ _ _ _ _ _ _ _ _ _ _ _ _ _ _ _ _ _ _ _ _ _ _ _ _ _ _ _ _ _

wallet_id = '797760d2-e644-48ec-8936-47daf95ce959', remove_wallet_request = {}
aries_controller = &lt;aries_cloudcontroller.acapy_client.AcaPyClient object at 0x7f33e2b534c0&gt;

    @router.delete("/{wallet_id}")
    async def remove_subwallet_by_id(
        wallet_id: str,
        remove_wallet_request: Optional[RemoveWalletRequest] = {},
        aries_controller: AcaPyClient = Depends(admin_agent_selector),
    ):
        """
        Remove subwallet by id.

        Parameters:
        wallet_id: str
        """
        try:
            response = await aries_controller.multitenancy.delete_wallet(
                wallet_id=wallet_id, body=remove_wallet_request
            )
            if response == {}:
                return {"status": "Successfully removed wallet"}
            else:
                raise HTTPException(500, "Unable to delete sub wallet")
        except ClientError as client_error:
&gt;           if client_error.value.status == 401:
E           AttributeError: 'ClientResponseError' object has no attribute 'value'

app/admin/governance/multitenant_wallet/wallet_admin.py:355: AttributeError</error></testcase><testcase classname="app.tests.admin.governance.multitenantwallet.test_wallet_admin" name="test_update_wallet" time="3.376"><error message="failed on teardown with &quot;AttributeError: 'ClientResponseError' object has no attribute 'value'&quot;">async_client = &lt;httpx.AsyncClient object at 0x7f33e2508be0&gt;
member_admin_agent_mock = &lt;aries_cloudcontroller.acapy_client.AcaPyClient object at 0x7f33e2508d00&gt;

    @pytest.fixture(name="create_wallet")
    async def fixture_create_wallet(async_client, member_admin_agent_mock):
        wallet_response = await write_wallet(async_client)
        wallet_id = wallet_response["wallet_id"]
        yield wallet_response
        response = await async_client.delete(
            f"{WALLET_PATH}/{wallet_id}",
            headers=WALLET_HEADERS,
        )
        assert response.status_code == 200
        assert response.json() == {"status": "Successfully removed wallet"}

        wallets = await query_subwallet(
            wallet_name=None, aries_controller=member_admin_agent_mock
        )
        for w in wallets.results:
&gt;           await async_client.delete(
                f"{WALLET_PATH}/{w.wallet_id}",
                headers=WALLET_HEADERS,
            )

app/tests/admin/governance/multitenantwallet/test_wallet_admin.py:47:
_ _ _ _ _ _ _ _ _ _ _ _ _ _ _ _ _ _ _ _ _ _ _ _ _ _ _ _ _ _ _ _ _ _ _ _ _ _ _ _ _ _ _ _ _ _ _ _ _ _ _ _ _ _ _ _ _ _ _ _ _ _ _ _ _ _ _ _ _ _ _
../.venv-fastapi/lib/python3.8/site-packages/httpx/_client.py:1847: in delete
    return await self.request(
../.venv-fastapi/lib/python3.8/site-packages/httpx/_client.py:1425: in request
    response = await self.send(
../.venv-fastapi/lib/python3.8/site-packages/httpx/_client.py:1510: in send
    response = await self._send_handling_auth(
../.venv-fastapi/lib/python3.8/site-packages/httpx/_client.py:1545: in _send_handling_auth
    response = await self._send_handling_redirects(
../.venv-fastapi/lib/python3.8/site-packages/httpx/_client.py:1579: in _send_handling_redirects
    response = await self._send_single_request(request, timeout)
../.venv-fastapi/lib/python3.8/site-packages/httpx/_client.py:1620: in _send_single_request
    ) = await transport.handle_async_request(
../.venv-fastapi/lib/python3.8/site-packages/httpx/_transports/asgi.py:157: in handle_async_request
    await self.app(scope, receive, send)
../.venv-fastapi/lib/python3.8/site-packages/fastapi/applications.py:199: in __call__
    await super().__call__(scope, receive, send)
../.venv-fastapi/lib/python3.8/site-packages/starlette/applications.py:112: in __call__
    await self.middleware_stack(scope, receive, send)
../.venv-fastapi/lib/python3.8/site-packages/starlette/middleware/errors.py:181: in __call__
    raise exc from None
../.venv-fastapi/lib/python3.8/site-packages/starlette/middleware/errors.py:159: in __call__
    await self.app(scope, receive, _send)
../.venv-fastapi/lib/python3.8/site-packages/starlette/exceptions.py:82: in __call__
    raise exc from None
../.venv-fastapi/lib/python3.8/site-packages/starlette/exceptions.py:71: in __call__
    await self.app(scope, receive, sender)
../.venv-fastapi/lib/python3.8/site-packages/starlette/routing.py:580: in __call__
    await route.handle(scope, receive, send)
../.venv-fastapi/lib/python3.8/site-packages/starlette/routing.py:241: in handle
    await self.app(scope, receive, send)
../.venv-fastapi/lib/python3.8/site-packages/starlette/routing.py:52: in app
    response = await func(request)
../.venv-fastapi/lib/python3.8/site-packages/fastapi/routing.py:214: in app
    raw_response = await run_endpoint_function(
../.venv-fastapi/lib/python3.8/site-packages/fastapi/routing.py:149: in run_endpoint_function
    return await dependant.call(**values)
_ _ _ _ _ _ _ _ _ _ _ _ _ _ _ _ _ _ _ _ _ _ _ _ _ _ _ _ _ _ _ _ _ _ _ _ _ _ _ _ _ _ _ _ _ _ _ _ _ _ _ _ _ _ _ _ _ _ _ _ _ _ _ _ _ _ _ _ _ _ _

wallet_id = '797760d2-e644-48ec-8936-47daf95ce959', remove_wallet_request = {}
aries_controller = &lt;aries_cloudcontroller.acapy_client.AcaPyClient object at 0x7f33e2b765e0&gt;

    @router.delete("/{wallet_id}")
    async def remove_subwallet_by_id(
        wallet_id: str,
        remove_wallet_request: Optional[RemoveWalletRequest] = {},
        aries_controller: AcaPyClient = Depends(admin_agent_selector),
    ):
        """
        Remove subwallet by id.

        Parameters:
        wallet_id: str
        """
        try:
            response = await aries_controller.multitenancy.delete_wallet(
                wallet_id=wallet_id, body=remove_wallet_request
            )
            if response == {}:
                return {"status": "Successfully removed wallet"}
            else:
                raise HTTPException(500, "Unable to delete sub wallet")
        except ClientError as client_error:
&gt;           if client_error.value.status == 401:
E           AttributeError: 'ClientResponseError' object has no attribute 'value'

app/admin/governance/multitenant_wallet/wallet_admin.py:355: AttributeError</error></testcase><testcase classname="app.tests.admin.governance.multitenantwallet.test_wallet_admin" name="test_query_subwallet" time="5.489"><error message="failed on teardown with &quot;AttributeError: 'ClientResponseError' object has no attribute 'value'&quot;">async_client = &lt;httpx.AsyncClient object at 0x7f33e27d76d0&gt;
member_admin_agent_mock = &lt;aries_cloudcontroller.acapy_client.AcaPyClient object at 0x7f33e27d7c70&gt;

    @pytest.fixture(name="create_wallet")
    async def fixture_create_wallet(async_client, member_admin_agent_mock):
        wallet_response = await write_wallet(async_client)
        wallet_id = wallet_response["wallet_id"]
        yield wallet_response
        response = await async_client.delete(
            f"{WALLET_PATH}/{wallet_id}",
            headers=WALLET_HEADERS,
        )
        assert response.status_code == 200
        assert response.json() == {"status": "Successfully removed wallet"}

        wallets = await query_subwallet(
            wallet_name=None, aries_controller=member_admin_agent_mock
        )
        for w in wallets.results:
&gt;           await async_client.delete(
                f"{WALLET_PATH}/{w.wallet_id}",
                headers=WALLET_HEADERS,
            )

app/tests/admin/governance/multitenantwallet/test_wallet_admin.py:47:
_ _ _ _ _ _ _ _ _ _ _ _ _ _ _ _ _ _ _ _ _ _ _ _ _ _ _ _ _ _ _ _ _ _ _ _ _ _ _ _ _ _ _ _ _ _ _ _ _ _ _ _ _ _ _ _ _ _ _ _ _ _ _ _ _ _ _ _ _ _ _
../.venv-fastapi/lib/python3.8/site-packages/httpx/_client.py:1847: in delete
    return await self.request(
../.venv-fastapi/lib/python3.8/site-packages/httpx/_client.py:1425: in request
    response = await self.send(
../.venv-fastapi/lib/python3.8/site-packages/httpx/_client.py:1510: in send
    response = await self._send_handling_auth(
../.venv-fastapi/lib/python3.8/site-packages/httpx/_client.py:1545: in _send_handling_auth
    response = await self._send_handling_redirects(
../.venv-fastapi/lib/python3.8/site-packages/httpx/_client.py:1579: in _send_handling_redirects
    response = await self._send_single_request(request, timeout)
../.venv-fastapi/lib/python3.8/site-packages/httpx/_client.py:1620: in _send_single_request
    ) = await transport.handle_async_request(
../.venv-fastapi/lib/python3.8/site-packages/httpx/_transports/asgi.py:157: in handle_async_request
    await self.app(scope, receive, send)
../.venv-fastapi/lib/python3.8/site-packages/fastapi/applications.py:199: in __call__
    await super().__call__(scope, receive, send)
../.venv-fastapi/lib/python3.8/site-packages/starlette/applications.py:112: in __call__
    await self.middleware_stack(scope, receive, send)
../.venv-fastapi/lib/python3.8/site-packages/starlette/middleware/errors.py:181: in __call__
    raise exc from None
../.venv-fastapi/lib/python3.8/site-packages/starlette/middleware/errors.py:159: in __call__
    await self.app(scope, receive, _send)
../.venv-fastapi/lib/python3.8/site-packages/starlette/exceptions.py:82: in __call__
    raise exc from None
../.venv-fastapi/lib/python3.8/site-packages/starlette/exceptions.py:71: in __call__
    await self.app(scope, receive, sender)
../.venv-fastapi/lib/python3.8/site-packages/starlette/routing.py:580: in __call__
    await route.handle(scope, receive, send)
../.venv-fastapi/lib/python3.8/site-packages/starlette/routing.py:241: in handle
    await self.app(scope, receive, send)
../.venv-fastapi/lib/python3.8/site-packages/starlette/routing.py:52: in app
    response = await func(request)
../.venv-fastapi/lib/python3.8/site-packages/fastapi/routing.py:214: in app
    raw_response = await run_endpoint_function(
../.venv-fastapi/lib/python3.8/site-packages/fastapi/routing.py:149: in run_endpoint_function
    return await dependant.call(**values)
_ _ _ _ _ _ _ _ _ _ _ _ _ _ _ _ _ _ _ _ _ _ _ _ _ _ _ _ _ _ _ _ _ _ _ _ _ _ _ _ _ _ _ _ _ _ _ _ _ _ _ _ _ _ _ _ _ _ _ _ _ _ _ _ _ _ _ _ _ _ _

wallet_id = '797760d2-e644-48ec-8936-47daf95ce959', remove_wallet_request = {}
aries_controller = &lt;aries_cloudcontroller.acapy_client.AcaPyClient object at 0x7f33e2709370&gt;

    @router.delete("/{wallet_id}")
    async def remove_subwallet_by_id(
        wallet_id: str,
        remove_wallet_request: Optional[RemoveWalletRequest] = {},
        aries_controller: AcaPyClient = Depends(admin_agent_selector),
    ):
        """
        Remove subwallet by id.

        Parameters:
        wallet_id: str
        """
        try:
            response = await aries_controller.multitenancy.delete_wallet(
                wallet_id=wallet_id, body=remove_wallet_request
            )
            if response == {}:
                return {"status": "Successfully removed wallet"}
            else:
                raise HTTPException(500, "Unable to delete sub wallet")
        except ClientError as client_error:
&gt;           if client_error.value.status == 401:
E           AttributeError: 'ClientResponseError' object has no attribute 'value'

app/admin/governance/multitenant_wallet/wallet_admin.py:355: AttributeError</error></testcase><testcase classname="app.tests.admin.governance.multitenantwallet.test_wallet_admin" name="test_query_subwallet_with_name" time="7.894"><error message="failed on teardown with &quot;AttributeError: 'ClientResponseError' object has no attribute 'value'&quot;">async_client = &lt;httpx.AsyncClient object at 0x7f33e234c6a0&gt;
member_admin_agent_mock = &lt;aries_cloudcontroller.acapy_client.AcaPyClient object at 0x7f33e2560040&gt;

    @pytest.fixture(name="create_wallet")
    async def fixture_create_wallet(async_client, member_admin_agent_mock):
        wallet_response = await write_wallet(async_client)
        wallet_id = wallet_response["wallet_id"]
        yield wallet_response
        response = await async_client.delete(
            f"{WALLET_PATH}/{wallet_id}",
            headers=WALLET_HEADERS,
        )
        assert response.status_code == 200
        assert response.json() == {"status": "Successfully removed wallet"}

        wallets = await query_subwallet(
            wallet_name=None, aries_controller=member_admin_agent_mock
        )
        for w in wallets.results:
&gt;           await async_client.delete(
                f"{WALLET_PATH}/{w.wallet_id}",
                headers=WALLET_HEADERS,
            )

app/tests/admin/governance/multitenantwallet/test_wallet_admin.py:47:
_ _ _ _ _ _ _ _ _ _ _ _ _ _ _ _ _ _ _ _ _ _ _ _ _ _ _ _ _ _ _ _ _ _ _ _ _ _ _ _ _ _ _ _ _ _ _ _ _ _ _ _ _ _ _ _ _ _ _ _ _ _ _ _ _ _ _ _ _ _ _
../.venv-fastapi/lib/python3.8/site-packages/httpx/_client.py:1847: in delete
    return await self.request(
../.venv-fastapi/lib/python3.8/site-packages/httpx/_client.py:1425: in request
    response = await self.send(
../.venv-fastapi/lib/python3.8/site-packages/httpx/_client.py:1510: in send
    response = await self._send_handling_auth(
../.venv-fastapi/lib/python3.8/site-packages/httpx/_client.py:1545: in _send_handling_auth
    response = await self._send_handling_redirects(
../.venv-fastapi/lib/python3.8/site-packages/httpx/_client.py:1579: in _send_handling_redirects
    response = await self._send_single_request(request, timeout)
../.venv-fastapi/lib/python3.8/site-packages/httpx/_client.py:1620: in _send_single_request
    ) = await transport.handle_async_request(
../.venv-fastapi/lib/python3.8/site-packages/httpx/_transports/asgi.py:157: in handle_async_request
    await self.app(scope, receive, send)
../.venv-fastapi/lib/python3.8/site-packages/fastapi/applications.py:199: in __call__
    await super().__call__(scope, receive, send)
../.venv-fastapi/lib/python3.8/site-packages/starlette/applications.py:112: in __call__
    await self.middleware_stack(scope, receive, send)
../.venv-fastapi/lib/python3.8/site-packages/starlette/middleware/errors.py:181: in __call__
    raise exc from None
../.venv-fastapi/lib/python3.8/site-packages/starlette/middleware/errors.py:159: in __call__
    await self.app(scope, receive, _send)
../.venv-fastapi/lib/python3.8/site-packages/starlette/exceptions.py:82: in __call__
    raise exc from None
../.venv-fastapi/lib/python3.8/site-packages/starlette/exceptions.py:71: in __call__
    await self.app(scope, receive, sender)
../.venv-fastapi/lib/python3.8/site-packages/starlette/routing.py:580: in __call__
    await route.handle(scope, receive, send)
../.venv-fastapi/lib/python3.8/site-packages/starlette/routing.py:241: in handle
    await self.app(scope, receive, send)
../.venv-fastapi/lib/python3.8/site-packages/starlette/routing.py:52: in app
    response = await func(request)
../.venv-fastapi/lib/python3.8/site-packages/fastapi/routing.py:214: in app
    raw_response = await run_endpoint_function(
../.venv-fastapi/lib/python3.8/site-packages/fastapi/routing.py:149: in run_endpoint_function
    return await dependant.call(**values)
_ _ _ _ _ _ _ _ _ _ _ _ _ _ _ _ _ _ _ _ _ _ _ _ _ _ _ _ _ _ _ _ _ _ _ _ _ _ _ _ _ _ _ _ _ _ _ _ _ _ _ _ _ _ _ _ _ _ _ _ _ _ _ _ _ _ _ _ _ _ _

wallet_id = '797760d2-e644-48ec-8936-47daf95ce959', remove_wallet_request = {}
aries_controller = &lt;aries_cloudcontroller.acapy_client.AcaPyClient object at 0x7f33e272a400&gt;

    @router.delete("/{wallet_id}")
    async def remove_subwallet_by_id(
        wallet_id: str,
        remove_wallet_request: Optional[RemoveWalletRequest] = {},
        aries_controller: AcaPyClient = Depends(admin_agent_selector),
    ):
        """
        Remove subwallet by id.

        Parameters:
        wallet_id: str
        """
        try:
            response = await aries_controller.multitenancy.delete_wallet(
                wallet_id=wallet_id, body=remove_wallet_request
            )
            if response == {}:
                return {"status": "Successfully removed wallet"}
            else:
                raise HTTPException(500, "Unable to delete sub wallet")
        except ClientError as client_error:
&gt;           if client_error.value.status == 401:
E           AttributeError: 'ClientResponseError' object has no attribute 'value'

app/admin/governance/multitenant_wallet/wallet_admin.py:355: AttributeError</error></testcase><testcase classname="app.tests.admin.governance.multitenantwallet.test_wallet_admin" name="test_create_wallet" time="2.552"><error message="failed on teardown with &quot;AttributeError: 'ClientResponseError' object has no attribute 'value'&quot;">async_client = &lt;httpx.AsyncClient object at 0x7f33e27ae640&gt;
member_admin_agent_mock = &lt;aries_cloudcontroller.acapy_client.AcaPyClient object at 0x7f33e27ae8e0&gt;

    @pytest.fixture(name="create_wallet")
    async def fixture_create_wallet(async_client, member_admin_agent_mock):
        wallet_response = await write_wallet(async_client)
        wallet_id = wallet_response["wallet_id"]
        yield wallet_response
        response = await async_client.delete(
            f"{WALLET_PATH}/{wallet_id}",
            headers=WALLET_HEADERS,
        )
        assert response.status_code == 200
        assert response.json() == {"status": "Successfully removed wallet"}

        wallets = await query_subwallet(
            wallet_name=None, aries_controller=member_admin_agent_mock
        )
        for w in wallets.results:
&gt;           await async_client.delete(
                f"{WALLET_PATH}/{w.wallet_id}",
                headers=WALLET_HEADERS,
            )

app/tests/admin/governance/multitenantwallet/test_wallet_admin.py:47:
_ _ _ _ _ _ _ _ _ _ _ _ _ _ _ _ _ _ _ _ _ _ _ _ _ _ _ _ _ _ _ _ _ _ _ _ _ _ _ _ _ _ _ _ _ _ _ _ _ _ _ _ _ _ _ _ _ _ _ _ _ _ _ _ _ _ _ _ _ _ _
../.venv-fastapi/lib/python3.8/site-packages/httpx/_client.py:1847: in delete
    return await self.request(
../.venv-fastapi/lib/python3.8/site-packages/httpx/_client.py:1425: in request
    response = await self.send(
../.venv-fastapi/lib/python3.8/site-packages/httpx/_client.py:1510: in send
    response = await self._send_handling_auth(
../.venv-fastapi/lib/python3.8/site-packages/httpx/_client.py:1545: in _send_handling_auth
    response = await self._send_handling_redirects(
../.venv-fastapi/lib/python3.8/site-packages/httpx/_client.py:1579: in _send_handling_redirects
    response = await self._send_single_request(request, timeout)
../.venv-fastapi/lib/python3.8/site-packages/httpx/_client.py:1620: in _send_single_request
    ) = await transport.handle_async_request(
../.venv-fastapi/lib/python3.8/site-packages/httpx/_transports/asgi.py:157: in handle_async_request
    await self.app(scope, receive, send)
../.venv-fastapi/lib/python3.8/site-packages/fastapi/applications.py:199: in __call__
    await super().__call__(scope, receive, send)
../.venv-fastapi/lib/python3.8/site-packages/starlette/applications.py:112: in __call__
    await self.middleware_stack(scope, receive, send)
../.venv-fastapi/lib/python3.8/site-packages/starlette/middleware/errors.py:181: in __call__
    raise exc from None
../.venv-fastapi/lib/python3.8/site-packages/starlette/middleware/errors.py:159: in __call__
    await self.app(scope, receive, _send)
../.venv-fastapi/lib/python3.8/site-packages/starlette/exceptions.py:82: in __call__
    raise exc from None
../.venv-fastapi/lib/python3.8/site-packages/starlette/exceptions.py:71: in __call__
    await self.app(scope, receive, sender)
../.venv-fastapi/lib/python3.8/site-packages/starlette/routing.py:580: in __call__
    await route.handle(scope, receive, send)
../.venv-fastapi/lib/python3.8/site-packages/starlette/routing.py:241: in handle
    await self.app(scope, receive, send)
../.venv-fastapi/lib/python3.8/site-packages/starlette/routing.py:52: in app
    response = await func(request)
../.venv-fastapi/lib/python3.8/site-packages/fastapi/routing.py:214: in app
    raw_response = await run_endpoint_function(
../.venv-fastapi/lib/python3.8/site-packages/fastapi/routing.py:149: in run_endpoint_function
    return await dependant.call(**values)
_ _ _ _ _ _ _ _ _ _ _ _ _ _ _ _ _ _ _ _ _ _ _ _ _ _ _ _ _ _ _ _ _ _ _ _ _ _ _ _ _ _ _ _ _ _ _ _ _ _ _ _ _ _ _ _ _ _ _ _ _ _ _ _ _ _ _ _ _ _ _

wallet_id = '797760d2-e644-48ec-8936-47daf95ce959', remove_wallet_request = {}
aries_controller = &lt;aries_cloudcontroller.acapy_client.AcaPyClient object at 0x7f33e2767280&gt;

    @router.delete("/{wallet_id}")
    async def remove_subwallet_by_id(
        wallet_id: str,
        remove_wallet_request: Optional[RemoveWalletRequest] = {},
        aries_controller: AcaPyClient = Depends(admin_agent_selector),
    ):
        """
        Remove subwallet by id.

        Parameters:
        wallet_id: str
        """
        try:
            response = await aries_controller.multitenancy.delete_wallet(
                wallet_id=wallet_id, body=remove_wallet_request
            )
            if response == {}:
                return {"status": "Successfully removed wallet"}
            else:
                raise HTTPException(500, "Unable to delete sub wallet")
        except ClientError as client_error:
&gt;           if client_error.value.status == 401:
E           AttributeError: 'ClientResponseError' object has no attribute 'value'

app/admin/governance/multitenant_wallet/wallet_admin.py:355: AttributeError</error></testcase><testcase classname="app.tests.admin.governance.multitenantwallet.test_wallet_admin" name="test_remove_by_id" time="2.454" /><testcase classname="app.tests.admin.governance.schemas.test_schemas" name="test_create_schema_via_web" time="6.384" /><testcase classname="app.tests.admin.governance.schemas.test_schemas" name="test_get_schemas_via_web" time="9.048" /><testcase classname="app.tests.admin.governance.schemas.test_schemas" name="test_get_schema_via_web" time="9.075" /><testcase classname="app.tests.admin.governance.schemas.test_schemas" name="test_create_one_schema" time="8.998" /><testcase classname="app.tests.admin.governance.schemas.test_schemas" name="test_update_schemas" time="12.298" /><testcase classname="app.tests.admin.governance.schemas.test_schemas" name="test_create_two_schemas" time="11.873" /><testcase classname="app.tests.admin.governance.schemas.test_schemas" name="test_get_schemas" time="12.239" /><testcase classname="app.tests.admin.governance.schemas.test_schemas" name="test_get_schemas_detail_list" time="12.282" /><testcase classname="app.tests.admin.governance.schemas.test_schemas" name="test_update_schema" time="11.949" /><testcase classname="app.tests.issuer.test_acapy_isser_v1_facade" name="test_get_records" time="0.008" /><testcase classname="app.tests.issuer.test_acapy_isser_v1_facade" name="test_get_records_connection_id" time="0.007" /><testcase classname="app.tests.issuer.test_acapy_isser_v1_facade" name="test_get_record" time="0.006" /><testcase classname="app.tests.issuer.test_acapy_isser_v1_facade" name="test_delete_credential_exchange_with_credential" time="0.006" /><testcase classname="app.tests.issuer.test_acapy_isser_v1_facade" name="test_delete_credential_exchange_without_credential" time="0.006" /><testcase classname="app.tests.issuer.test_acapy_isser_v1_facade" name="test_send_credential" time="0.008" /><testcase classname="app.tests.issuer.test_acapy_isser_v1_facade" name="test_store_credential" time="0.005" /><testcase classname="app.tests.issuer.test_acapy_isser_v1_facade" name="test_request_credential" time="0.004" /><testcase classname="app.tests.issuer.test_acapy_isser_v2_facade" name="test_get_records" time="0.016" /><testcase classname="app.tests.issuer.test_acapy_isser_v2_facade" name="test_get_records_connection_id" time="0.004" /><testcase classname="app.tests.issuer.test_acapy_isser_v2_facade" name="test_get_record" time="0.008" /><testcase classname="app.tests.issuer.test_acapy_isser_v2_facade" name="test_delete_credential_exchange_with_credential" time="0.011" /><testcase classname="app.tests.issuer.test_acapy_isser_v2_facade" name="test_delete_credential_exchange_without_credential" time="0.006" /><testcase classname="app.tests.issuer.test_acapy_isser_v2_facade" name="test_send_credential" time="0.007" /><testcase classname="app.tests.issuer.test_acapy_isser_v2_facade" name="test_store_credential" time="0.005" /><testcase classname="app.tests.issuer.test_acapy_isser_v2_facade" name="test_request_credential" time="0.010" /></testsuite></testsuites>