<?xml version="1.0" encoding="utf-8"?><testsuites><testsuite name="pytest" errors="0" failures="0" skipped="0" tests="0" time="0.202" timestamp="2021-07-29T10:45:54.809492" hostname="localhost" /></testsuites>