<?xml version="1.0" encoding="utf-8"?><testsuites><testsuite name="pytest" errors="0" failures="0" skipped="0" tests="0" time="0.560" timestamp="2021-07-16T07:49:02.049046" hostname="localhost" /></testsuites>