<?xml version="1.0" encoding="utf-8"?><testsuites><testsuite name="pytest" errors="0" failures="0" skipped="0" tests="2" time="25.402" timestamp="2021-10-03T20:06:30.894361" hostname="Macbook-Pro-Timo.local"><testcase classname="tests.test_messaging" name="test_send_trust_ping" time="25.350" /><testcase classname="tests.test_messaging" name="test_send_message" time="0.019" /></testsuite></testsuites>