<?xml version="1.0" encoding="utf-8"?><testsuites><testsuite name="pytest" errors="0" failures="0" skipped="0" tests="10" time="72.067" timestamp="2021-09-14T21:46:21.977299" hostname="localhost"><testcase classname="tests.test_connections" name="test_create_invite" time="5.177" /><testcase classname="tests.test_connections" name="test_accept_invite" time="6.425" /><testcase classname="tests.test_connections" name="test_get_connections" time="6.014" /><testcase classname="tests.test_connections" name="test_get_connection_by_id" time="6.050" /><testcase classname="tests.test_connections" name="test_delete_connection" time="5.394" /><testcase classname="tests.test_connections" name="test_bob_and_alice_connect" time="18.418" /><testcase classname="tests.test_connections" name="test_bob_has_agent" time="5.230" /><testcase classname="tests.test_connections" name="test_create_invite_oob" time="5.102" /><testcase classname="tests.test_connections" name="test_accept_invite_oob" time="5.279" /><testcase classname="tests.test_connections" name="test_oob_create_static" time="8.887" /></testsuite></testsuites>