<?xml version="1.0" encoding="utf-8"?><testsuites><testsuite name="pytest" errors="0" failures="0" skipped="0" tests="8" time="137.021" timestamp="2021-07-29T11:12:41.189604" hostname="localhost"><testcase classname="tests.test_issuer_v1" name="test_issue_credential" time="75.879" /><testcase classname="tests.test_issuer_v1" name="test_offer_credential" time="13.244" /><testcase classname="tests.test_issuer_v1" name="test_get_x_record" time="0.033" /><testcase classname="tests.test_issuer_v1" name="test_get_records" time="0.038" /><testcase classname="tests.test_issuer_v1" name="test_send_credential_request" time="10.067" /><testcase classname="tests.test_issuer_v1" name="test_store_credential" time="22.784" /><testcase classname="tests.test_issuer_v1" name="test_send_proposal" time="14.859" /><testcase classname="tests.test_issuer_v1" name="test_send_problem_report" time="0.034" /></testsuite></testsuites>
