<?xml version="1.0" encoding="utf-8"?><testsuites><testsuite name="pytest" errors="0" failures="0" skipped="0" tests="8" time="110.696" timestamp="2021-08-12T12:39:53.818179" hostname="localhost"><testcase classname="tests.test_issuer_v1" name="test_issue_credential" time="46.315" /><testcase classname="tests.test_issuer_v1" name="test_offer_credential" time="10.290" /><testcase classname="tests.test_issuer_v1" name="test_get_x_record" time="0.034" /><testcase classname="tests.test_issuer_v1" name="test_get_records" time="0.045" /><testcase classname="tests.test_issuer_v1" name="test_send_credential_request" time="10.085" /><testcase classname="tests.test_issuer_v1" name="test_store_credential" time="19.118" /><testcase classname="tests.test_issuer_v1" name="test_send_proposal" time="24.670" /><testcase classname="tests.test_issuer_v1" name="test_send_problem_report" time="0.064" /></testsuite></testsuites>