<?xml version="1.0" encoding="utf-8"?><testsuites><testsuite name="pytest" errors="0" failures="0" skipped="0" tests="1" time="3.555" timestamp="2021-07-06T14:08:16.432149" hostname="localhost"><testcase classname="tests.admin.governance.wallet.test_wallet" name="test_get_subwallet_auth_token" time="3.484" /></testsuite></testsuites>