<?xml version="1.0" encoding="utf-8"?><testsuites><testsuite name="pytest" errors="0" failures="0" skipped="0" tests="7" time="52.139" timestamp="2021-09-03T11:17:49.708443" hostname="localhost"><testcase classname="tests.test_connections" name="test_create_invite" time="6.849" /><testcase classname="tests.test_connections" name="test_accept_invite" time="6.011" /><testcase classname="tests.test_connections" name="test_get_connections" time="6.021" /><testcase classname="tests.test_connections" name="test_get_connection_by_id" time="5.942" /><testcase classname="tests.test_connections" name="test_delete_connection" time="5.402" /><testcase classname="tests.test_connections" name="test_bob_and_alice_connect" time="16.477" /><testcase classname="tests.test_connections" name="test_bob_has_agent" time="5.360" /></testsuite></testsuites>