<?xml version="1.0" encoding="utf-8"?><testsuites><testsuite name="pytest" errors="0" failures="0" skipped="0" tests="0" time="0.279" timestamp="2021-09-13T18:31:23.461167" hostname="localhost" /></testsuites>