<?xml version="1.0" encoding="utf-8"?><testsuites><testsuite name="pytest" errors="1" failures="0" skipped="0" tests="1" time="22.716" timestamp="2021-08-12T18:33:08.729597" hostname="vineeth-G3-3579"><testcase classname="tests.test_issuer_v2" name="test_all" time="22.640"><error message="failed on setup with &quot;TypeError: 'NoneType' object does not support item assignment&quot;">yoma_agent_mock = AriesAgentController(admin_url='http://localhost:3021', api_key='adminApiKey', is_multitenant=False)

    @pytest.fixture
    @pytest.mark.asyncio
    async def test_create_credential_def(yoma_agent_mock):
        definition = SchemaDefinition(
            name="test_schema", version="0.3", attributes=["speed"]
        )

&gt;       public_did = await create_public_did(yoma_agent_mock)

app/tests/test_issuer_v2.py:85:
_ _ _ _ _ _ _ _ _ _ _ _ _ _ _ _ _ _ _ _ _ _ _ _ _ _ _ _ _ _ _ _ _ _ _ _ _ _ _ _ _ _ _ _ _ _ _ _ _ _ _ _ _ _ _ _ _ _ _ _ _ _ _ _ _ _ _ _ _ _ _ _ _ _ _ _ _ _ _ _ _ _ _ _ _ _ _ _ _ _ _ _ _
app/tests/admin/governance/schemas/test_schemas.py:119: in create_public_did
    taa_response = await acapy_ledger_facade.get_taa(aries_agent_controller)
_ _ _ _ _ _ _ _ _ _ _ _ _ _ _ _ _ _ _ _ _ _ _ _ _ _ _ _ _ _ _ _ _ _ _ _ _ _ _ _ _ _ _ _ _ _ _ _ _ _ _ _ _ _ _ _ _ _ _ _ _ _ _ _ _ _ _ _ _ _ _ _ _ _ _ _ _ _ _ _ _ _ _ _ _ _ _ _ _ _ _ _ _

controller = AriesAgentController(admin_url='http://localhost:3021', api_key='adminApiKey', is_multitenant=False)

    async def get_taa(controller: AriesAgentControllerBase):
        """
        Obtains the TAA from the ledger

        Parameters:
        -----------
        controller: AriesController
            The aries_cloudcontroller object

        Returns:
        --------
        taa: dict
            The TAA object
        """
        taa_response = await controller.ledger.get_taa()
        logger.info(f"taa_response:\n{taa_response}")
        if "result" not in taa_response or not taa_response["result"]:
            logger.error("Failed to get TAA:\n{taa_response}")
            raise HTTPException(
                status_code=404,
                detail=f"Something went wrong. Could not get TAA. {taa_response}",
            )
        taa = taa_response["result"]["taa_record"]
&gt;       taa["mechanism"] = "service_agreement"
E       TypeError: 'NoneType' object does not support item assignment

app/acapy_ledger_facade.py:35: TypeError</error></testcase></testsuite></testsuites>