<?xml version="1.0" encoding="utf-8"?><testsuites><testsuite name="pytest" errors="0" failures="0" skipped="0" tests="0" time="0.298" timestamp="2021-10-07T13:15:24.318841" hostname="localhost" /></testsuites>