<?xml version="1.0" encoding="utf-8"?><testsuites><testsuite name="pytest" errors="0" failures="0" skipped="0" tests="0" time="0.281" timestamp="2021-08-12T09:42:47.777825" hostname="localhost" /></testsuites>