<?xml version="1.0" encoding="utf-8"?><testsuites><testsuite name="pytest" errors="0" failures="0" skipped="0" tests="2" time="12.848" timestamp="2021-07-15T10:06:17.482276" hostname="localhost"><testcase classname="tests.admin.governance.dids.test_dids" name="test_get_trusted_registry" time="0.161" /><testcase classname="tests.admin.governance.dids.test_dids" name="test_get_trusted_partner" time="12.638" /></testsuite></testsuites>