<?xml version="1.0" encoding="utf-8"?><testsuites><testsuite name="pytest" errors="0" failures="0" skipped="0" tests="0" time="0.460" timestamp="2021-08-30T11:32:58.553215" hostname="localhost" /></testsuites>