<?xml version="1.0" encoding="utf-8"?><testsuites><testsuite name="pytest" errors="0" failures="0" skipped="0" tests="7" time="50.318" timestamp="2021-09-01T12:30:58.705405" hostname="localhost"><testcase classname="tests.test_connections" name="test_create_invite" time="5.744" /><testcase classname="tests.test_connections" name="test_accept_invite" time="5.884" /><testcase classname="tests.test_connections" name="test_get_connections" time="5.411" /><testcase classname="tests.test_connections" name="test_get_connection_by_id" time="5.772" /><testcase classname="tests.test_connections" name="test_delete_connection" time="5.969" /><testcase classname="tests.test_connections" name="test_bob_and_alice_connect" time="16.399" /><testcase classname="tests.test_connections" name="test_bob_has_agent" time="5.056" /></testsuite></testsuites>