<?xml version="1.0" encoding="utf-8"?><testsuites><testsuite name="pytest" errors="0" failures="0" skipped="0" tests="0" time="0.186" timestamp="2021-10-13T13:34:07.564832" hostname="localhost" /></testsuites>