<?xml version="1.0" encoding="utf-8"?><testsuites><testsuite name="pytest" errors="0" failures="0" skipped="0" tests="0" time="6.913" timestamp="2021-08-12T13:25:58.306465" hostname="localhost" /></testsuites>
