<?xml version="1.0" encoding="utf-8"?><testsuites><testsuite name="pytest" errors="0" failures="0" skipped="0" tests="2" time="4.208" timestamp="2021-09-06T19:24:50.128010" hostname="localhost"><testcase classname="tests.admin.governance.dids.test_dids" name="test_get_trusted_registry" time="0.135" /><testcase classname="tests.admin.governance.dids.test_dids" name="test_get_trusted_partner" time="4.026" /></testsuite></testsuites>