<?xml version="1.0" encoding="utf-8"?><testsuites><testsuite name="pytest" errors="0" failures="0" skipped="0" tests="0" time="0.208" timestamp="2021-08-13T08:27:53.478897" hostname="localhost" /></testsuites>