<?xml version="1.0" encoding="utf-8"?><testsuites><testsuite name="pytest" errors="0" failures="0" skipped="0" tests="7" time="15.675" timestamp="2021-09-06T15:52:22.188300" hostname="vineeth-G3-3579"><testcase classname="tests.wallet.test_wallets" name="test_list_dids" time="0.085" /><testcase classname="tests.wallet.test_wallets" name="test_create_local_did" time="0.058" /><testcase classname="tests.wallet.test_wallets" name="test_fetch_current_did" time="0.110" /><testcase classname="tests.wallet.test_wallets" name="test_get_did_endpoint" time="0.065" /><testcase classname="tests.wallet.test_wallets" name="test_assign_pub_did" time="3.236" /><testcase classname="tests.wallet.test_wallets" name="test_set_did_endpoint" time="6.510" /><testcase classname="tests.wallet.test_wallets" name="test_create_pub_did" time="5.560" /></testsuite></testsuites>