<?xml version="1.0" encoding="utf-8"?><testsuites><testsuite name="pytest" errors="0" failures="0" skipped="0" tests="0" time="0.764" timestamp="2021-10-05T19:03:28.117888" hostname="localhost" /></testsuites>