<?xml version="1.0" encoding="utf-8"?><testsuites><testsuite name="pytest" errors="0" failures="0" skipped="0" tests="0" time="0.231" timestamp="2021-10-07T09:46:24.917761" hostname="localhost" /></testsuites>