<?xml version="1.0" encoding="utf-8"?><testsuites><testsuite name="pytest" errors="0" failures="0" skipped="0" tests="0" time="0.192" timestamp="2021-10-05T08:31:27.087983" hostname="localhost" /></testsuites>