<?xml version="1.0" encoding="utf-8"?><testsuites><testsuite name="pytest" errors="0" failures="0" skipped="0" tests="0" time="0.211" timestamp="2021-10-06T14:54:04.859683" hostname="localhost" /></testsuites>