<?xml version="1.0" encoding="utf-8"?><testsuites><testsuite name="pytest" errors="0" failures="0" skipped="0" tests="9" time="54.379" timestamp="2022-10-21T15:32:39.352633" hostname="felurian"><testcase classname="tests.e2e.test_connections" name="test_create_invitation" time="17.893" /><testcase classname="tests.e2e.test_connections" name="test_accept_invitation" time="13.344" /><testcase classname="tests.e2e.test_connections" name="test_get_connections" time="0.898" /><testcase classname="tests.e2e.test_connections" name="test_get_connection_by_id" time="0.422" /><testcase classname="tests.e2e.test_connections" name="test_delete_connection" time="0.575" /><testcase classname="tests.e2e.test_connections" name="test_bob_and_alice_connect" time="2.722" /><testcase classname="tests.e2e.test_connections" name="test_create_invitation_oob" time="0.237" /><testcase classname="tests.e2e.test_connections" name="test_accept_invitation_oob" time="0.781" /><testcase classname="tests.e2e.test_connections" name="test_oob_connect_via_public_did" time="17.476" /></testsuite></testsuites>