<?xml version="1.0" encoding="utf-8"?><testsuites><testsuite name="pytest" errors="0" failures="0" skipped="0" tests="0" time="0.372" timestamp="2021-10-17T18:27:07.820051" hostname="localhost" /></testsuites>