<?xml version="1.0" encoding="utf-8"?><testsuites><testsuite name="pytest" errors="0" failures="0" skipped="0" tests="140" time="402.631" timestamp="2021-11-23T08:52:18.402902" hostname="MBP-van-Moritz"><testcase classname="trustregistry.tests.test_actor" name="test_get_actors" time="0.045" /><testcase classname="trustregistry.tests.test_actor" name="test_register_actor" time="0.058" /><testcase classname="trustregistry.tests.test_actor" name="test_update_actor" time="0.052" /><testcase classname="trustregistry.tests.test_actor" name="test_remove_schema" time="0.030" /><testcase classname="trustregistry.tests.test_crud" name="test_get_actors" time="0.002" /><testcase classname="trustregistry.tests.test_crud" name="test_create_actor" time="0.005" /><testcase classname="trustregistry.tests.test_crud" name="test_update_actor" time="0.006" /><testcase classname="trustregistry.tests.test_crud" name="test_delete_actor" time="0.004" /><testcase classname="trustregistry.tests.test_crud" name="test_get_schemas" time="0.003" /><testcase classname="trustregistry.tests.test_crud" name="test_create_schema" time="0.008" /><testcase classname="trustregistry.tests.test_crud" name="test_update_schema" time="0.006" /><testcase classname="trustregistry.tests.test_crud" name="test_delete_schema" time="0.005" /><testcase classname="trustregistry.tests.test_main" name="test_root" time="0.015" /><testcase classname="trustregistry.tests.test_main" name="test_registry" time="0.014" /><testcase classname="trustregistry.tests.test_models" name="test_actor" time="0.002" /><testcase classname="trustregistry.tests.test_models" name="test_schema" time="0.001" /><testcase classname="trustregistry.tests.test_schema" name="test_get_schemas" time="0.026" /><testcase classname="trustregistry.tests.test_schema" name="test_register_schema" time="0.053" /><testcase classname="trustregistry.tests.test_schema" name="test_update_schema" time="0.052" /><testcase classname="trustregistry.tests.test_schema" name="test_remove_schema" time="0.026" /><testcase classname="trustregistry.tests.test_schema" name="test__get_schema_attrs" time="0.001" /><testcase classname="trustregistry.tests.test_schemas" name="test_actor" time="0.001" /><testcase classname="trustregistry.tests.test_schemas" name="test_schema" time="0.002" /><testcase classname="app.tests.test_dependencies" name="test_extract_token_from_bearer" time="0.002" /><testcase classname="app.tests.test_dependencies" name="test_yoma_agent" time="0.010" /><testcase classname="app.tests.test_dependencies" name="test_ecosystem_agent" time="0.009" /><testcase classname="app.tests.test_dependencies" name="test_member_agent" time="0.009" /><testcase classname="app.tests.test_dependencies" name="test_member_admin_agent" time="0.009" /><testcase classname="app.tests.test_dependencies" name="test_agent_selector[agent_selector-False-AcaPyClient]" time="0.021" /><testcase classname="app.tests.test_dependencies" name="test_agent_selector[admin_agent_selector-True-AcaPyClient]" time="0.023" /><testcase classname="app.tests.test_dependencies" name="test_web_ecosystem_or_member" time="0.119" /><testcase classname="app.tests.test_dependencies" name="test_ecosystem_admin_agent" time="0.009" /><testcase classname="app.tests.test_exception_handler" name="test_error_handler" time="0.023" /><testcase classname="app.tests.test_messaging" name="test_send_trust_ping" time="25.872" /><testcase classname="app.tests.test_messaging" name="test_send_message" time="0.027" /><testcase classname="app.tests.test_utils" name="test_construct_zkp" time="0.001" /><testcase classname="app.tests.test_utils" name="test_construct_zkp_empty" time="0.001" /><testcase classname="app.tests.test_utils" name="test_construct_indy_proof_request" time="0.001" /><testcase classname="app.tests.test_utils" name="test_ed25519_verkey_to_did_key" time="0.001" /><testcase classname="app.tests.test_via_web_wallet" name="test_get_pub_did_via_web" time="3.483" /><testcase classname="app.tests.test_via_web_wallet" name="test_get_pub_did_via_web_no_header" time="0.006" /><testcase classname="app.tests.admin.governance.credential_definitions.test_credential_definitions" name="test_create_credential_definition" time="15.651" /><testcase classname="app.tests.admin.governance.credential_definitions.test_credential_definitions" name="test_create_credential_definition_via_web" time="23.074" /><testcase classname="app.tests.admin.governance.credential_definitions.test_credential_definitions" name="test_get_credential_definitions" time="24.047" /><testcase classname="app.tests.admin.governance.credential_definitions.test_credential_definitions" name="test_get_credential_definitions_via_web" time="19.722" /><testcase classname="app.tests.admin.governance.credential_definitions.test_credential_definitions" name="test_get_credential_definition" time="12.036" /><testcase classname="app.tests.admin.governance.credential_definitions.test_credential_definitions" name="test_get_credential_definition_via_web" time="12.346" /><testcase classname="app.tests.admin.governance.multitenantwallet.test_wallet_admin" name="test_get_subwallet_auth_token" time="2.401" /><testcase classname="app.tests.admin.governance.multitenantwallet.test_wallet_admin" name="test_get_subwallet" time="1.268" /><testcase classname="app.tests.admin.governance.multitenantwallet.test_wallet_admin" name="test_update_wallet" time="1.332" /><testcase classname="app.tests.admin.governance.multitenantwallet.test_wallet_admin" name="test_query_subwallet" time="1.337" /><testcase classname="app.tests.admin.governance.multitenantwallet.test_wallet_admin" name="test_query_subwallet_with_name" time="5.377" /><testcase classname="app.tests.admin.governance.multitenantwallet.test_wallet_admin" name="test_create_wallet" time="1.308" /><testcase classname="app.tests.admin.governance.multitenantwallet.test_wallet_admin" name="test_remove_by_id" time="1.346" /><testcase classname="app.tests.admin.governance.schemas.test_schemas" name="test_create_schema_via_web" time="6.215" /><testcase classname="app.tests.admin.governance.schemas.test_schemas" name="test_get_schemas_via_web" time="9.019" /><testcase classname="app.tests.admin.governance.schemas.test_schemas" name="test_get_schema_via_web" time="9.037" /><testcase classname="app.tests.admin.governance.schemas.test_schemas" name="test_create_one_schema" time="9.003" /><testcase classname="app.tests.admin.governance.schemas.test_schemas" name="test_update_schemas" time="12.016" /><testcase classname="app.tests.admin.governance.schemas.test_schemas" name="test_create_two_schemas" time="12.021" /><testcase classname="app.tests.admin.governance.schemas.test_schemas" name="test_get_schemas" time="12.045" /><testcase classname="app.tests.admin.governance.schemas.test_schemas" name="test_get_schemas_detail_list" time="12.121" /><testcase classname="app.tests.admin.governance.schemas.test_schemas" name="test_update_schema" time="11.879" /><testcase classname="app.tests.e2e.test_connections" name="test_create_invitation" time="2.746" /><testcase classname="app.tests.e2e.test_connections" name="test_accept_invitation" time="2.990" /><testcase classname="app.tests.e2e.test_connections" name="test_get_connections" time="3.026" /><testcase classname="app.tests.e2e.test_connections" name="test_get_connection_by_id" time="3.392" /><testcase classname="app.tests.e2e.test_connections" name="test_delete_connection" time="3.706" /><testcase classname="app.tests.e2e.test_connections" name="test_bob_and_alice_connect" time="15.412" /><testcase classname="app.tests.e2e.test_connections" name="test_bob_has_agent" time="4.227" /><testcase classname="app.tests.e2e.test_connections" name="test_create_invitation_oob" time="2.987" /><testcase classname="app.tests.e2e.test_connections" name="test_accept_invitation_oob" time="2.902" /><testcase classname="app.tests.e2e.test_connections" name="test_oob_connect_via_public_did" time="6.722" /><testcase classname="app.tests.e2e.test_issuer" name="test_send_credential" time="45.619" /><testcase classname="app.tests.e2e.test_issuer" name="test_get_records" time="0.058" /><testcase classname="app.tests.e2e.test_issuer" name="test_send_credential_request" time="15.352" /><testcase classname="app.tests.e2e.test_issuer" name="test_store_credential" time="5.031" /><testcase classname="app.tests.e2e.test_proof" name="test_send_proof_request" time="25.552" /><testcase classname="app.tests.e2e.test_proof" name="test_create_proof_request" time="0.260" /><testcase classname="app.tests.e2e.test_proof" name="test_accept_proof_request" time="0.107" /><testcase classname="app.tests.e2e.test_proof" name="test_reject_proof_request" time="0.080" /><testcase classname="app.tests.facades.test_acapy_ledger" name="test_error_on_get_taa" time="0.003" /><testcase classname="app.tests.facades.test_acapy_ledger" name="test_error_on_accept_taa" time="0.002" /><testcase classname="app.tests.facades.test_acapy_ledger" name="test_error_on_get_did_endpoint" time="0.003" /><testcase classname="app.tests.facades.test_acapy_wallet" name="test_error_on_get_pub_did" time="0.002" /><testcase classname="app.tests.facades.test_acapy_wallet" name="test_error_on_assign_pub_did" time="0.003" /><testcase classname="app.tests.facades.test_acapy_wallet" name="test_error_on_create_pub_did" time="0.002" /><testcase classname="app.tests.facades.test_trust_registry" name="test_assert_valid_issuer" time="0.020" /><testcase classname="app.tests.facades.test_trust_registry" name="test_assert_valid_verifier" time="0.010" /><testcase classname="app.tests.facades.test_trust_registry" name="test_actor_has_schema" time="0.006" /><testcase classname="app.tests.facades.test_trust_registry" name="test_actor_has_role" time="0.006" /><testcase classname="app.tests.facades.test_trust_registry" name="test_actor_by_did" time="0.004" /><testcase classname="app.tests.facades.test_trust_registry" name="test_actor_with_role" time="0.007" /><testcase classname="app.tests.facades.test_trust_registry" name="test_registry_has_schema" time="0.005" /><testcase classname="app.tests.facades.test_trust_registry" name="test_get_did_for_actor" time="0.005" /><testcase classname="app.tests.facades.test_trust_registry" name="test_register_schema" time="0.005" /><testcase classname="app.tests.facades.test_trust_registry" name="test_register_actor" time="0.005" /><testcase classname="app.tests.facades.test_trust_registry" name="test_get_actor_by_did" time="0.004" /><testcase classname="app.tests.issuer.test_acapy_issuer_v1_facade" name="test_get_records" time="0.003" /><testcase classname="app.tests.issuer.test_acapy_issuer_v1_facade" name="test_get_records_connection_id" time="0.003" /><testcase classname="app.tests.issuer.test_acapy_issuer_v1_facade" name="test_get_record" time="0.002" /><testcase classname="app.tests.issuer.test_acapy_issuer_v1_facade" name="test_delete_credential_exchange_with_credential" time="0.002" /><testcase classname="app.tests.issuer.test_acapy_issuer_v1_facade" name="test_delete_credential_exchange_without_credential" time="0.003" /><testcase classname="app.tests.issuer.test_acapy_issuer_v1_facade" name="test_send_credential" time="0.002" /><testcase classname="app.tests.issuer.test_acapy_issuer_v1_facade" name="test_store_credential" time="0.003" /><testcase classname="app.tests.issuer.test_acapy_issuer_v1_facade" name="test_request_credential" time="0.002" /><testcase classname="app.tests.issuer.test_acapy_issuer_v2_facade" name="test_get_records" time="0.003" /><testcase classname="app.tests.issuer.test_acapy_issuer_v2_facade" name="test_get_records_connection_id" time="0.002" /><testcase classname="app.tests.issuer.test_acapy_issuer_v2_facade" name="test_get_record" time="0.002" /><testcase classname="app.tests.issuer.test_acapy_issuer_v2_facade" name="test_delete_credential_exchange_with_credential" time="0.003" /><testcase classname="app.tests.issuer.test_acapy_issuer_v2_facade" name="test_delete_credential_exchange_without_credential" time="0.002" /><testcase classname="app.tests.issuer.test_acapy_issuer_v2_facade" name="test_send_credential" time="0.002" /><testcase classname="app.tests.issuer.test_acapy_issuer_v2_facade" name="test_store_credential" time="0.002" /><testcase classname="app.tests.issuer.test_acapy_issuer_v2_facade" name="test_request_credential" time="0.002" /><testcase classname="app.tests.issuer.test_issuer" name="test_send_credential" time="0.004" /><testcase classname="app.tests.issuer.test_issuer" name="test_get_credentials" time="0.005" /><testcase classname="app.tests.issuer.test_issuer" name="test_get_credential" time="0.003" /><testcase classname="app.tests.issuer.test_issuer" name="test_remove_credential" time="0.003" /><testcase classname="app.tests.issuer.test_issuer" name="test_request_credential" time="0.004" /><testcase classname="app.tests.issuer.test_issuer" name="test_request_credential_x_no_schema_cred_def" time="0.003" /><testcase classname="app.tests.issuer.test_issuer" name="test_store_credential" time="0.003" /><testcase classname="app.tests.proof.test_acapy_proof_v1_facade" name="test_create_proof_request" time="0.003" /><testcase classname="app.tests.proof.test_acapy_proof_v1_facade" name="test_send_proof_request" time="0.004" /><testcase classname="app.tests.proof.test_acapy_proof_v1_facade" name="test_accept_proof_request" time="0.003" /><testcase classname="app.tests.proof.test_acapy_proof_v1_facade" name="test_reject_proof_reject" time="0.003" /><testcase classname="app.tests.proof.test_acapy_proof_v2_facade" name="test_create_proof_request" time="0.003" /><testcase classname="app.tests.proof.test_acapy_proof_v2_facade" name="test_send_proof_request" time="0.003" /><testcase classname="app.tests.proof.test_acapy_proof_v2_facade" name="test_accept_proof_request" time="0.003" /><testcase classname="app.tests.proof.test_acapy_proof_v2_facade" name="test_reject_proof_reject" time="0.003" /><testcase classname="app.tests.proof.test_proof" name="test_send_proof_request" time="0.004" /><testcase classname="app.tests.proof.test_proof" name="test_create_proof_request" time="0.004" /><testcase classname="app.tests.proof.test_proof" name="test_accept_proof_request" time="0.003" /><testcase classname="app.tests.proof.test_proof" name="test_reject_proof_request" time="0.004" /><testcase classname="app.tests.wallet.test_wallets" name="test_list_dids" time="0.300" /><testcase classname="app.tests.wallet.test_wallets" name="test_create_local_did" time="0.073" /><testcase classname="app.tests.wallet.test_wallets" name="test_fetch_current_did" time="0.059" /><testcase classname="app.tests.wallet.test_wallets" name="test_get_did_endpoint" time="0.065" /><testcase classname="app.tests.wallet.test_wallets" name="test_assign_pub_did" time="3.236" /><testcase classname="app.tests.wallet.test_wallets" name="test_set_did_endpoint" time="6.179" /><testcase classname="app.tests.wallet.test_wallets" name="test_create_pub_did" time="5.879" /></testsuite></testsuites>