<?xml version="1.0" encoding="utf-8"?><testsuites><testsuite name="pytest" errors="0" failures="0" skipped="0" tests="4" time="25.606" timestamp="2021-11-22T12:08:25.605095" hostname="MBP-van-Moritz"><testcase classname="tests.e2e.test_proof" name="test_send_proof_request" time="25.344" /><testcase classname="tests.e2e.test_proof" name="test_create_proof_request" time="0.056" /><testcase classname="tests.e2e.test_proof" name="test_accept_proof_request" time="0.093" /><testcase classname="tests.e2e.test_proof" name="test_reject_proof_request" time="0.069" /></testsuite></testsuites>