<?xml version="1.0" encoding="utf-8"?><testsuites><testsuite name="pytest" errors="0" failures="0" skipped="0" tests="2" time="28.324" timestamp="2021-09-01T13:42:33.619710" hostname="localhost"><testcase classname="tests.test_messaging" name="test_send_trust_ping" time="28.216" /><testcase classname="tests.test_messaging" name="test_send_message" time="0.030" /></testsuite></testsuites>