<?xml version="1.0" encoding="utf-8"?><testsuites><testsuite name="pytest" errors="0" failures="0" skipped="0" tests="0" time="0.264" timestamp="2021-08-30T15:29:52.489499" hostname="localhost" /></testsuites>