<?xml version="1.0" encoding="utf-8"?><testsuites><testsuite name="pytest" errors="0" failures="0" skipped="0" tests="0" time="0.702" timestamp="2021-08-30T09:10:19.988250" hostname="localhost" /></testsuites>