<?xml version="1.0" encoding="utf-8"?><testsuites><testsuite name="pytest" errors="0" failures="0" skipped="0" tests="5" time="15.245" timestamp="2021-07-14T14:26:08.680779" hostname="vineeth-G3-3579"><testcase classname="tests.test_connections" name="test_create_invite" time="2.510" /><testcase classname="tests.test_connections" name="test_accept_invite" time="2.878" /><testcase classname="tests.test_connections" name="test_get_connections" time="2.770" /><testcase classname="tests.test_connections" name="test_get_connection_by_id" time="3.980" /><testcase classname="tests.test_connections" name="test_delete_connection" time="3.069" /></testsuite></testsuites>