<?xml version="1.0" encoding="utf-8"?><testsuites><testsuite name="pytest" errors="0" failures="0" skipped="0" tests="1" time="149.637" timestamp="2021-07-23T10:00:02.024986" hostname="localhost"><testcase classname="tests.test_issuer_v1" name="test_all" time="149.548" /></testsuite></testsuites>