<?xml version="1.0" encoding="utf-8"?><testsuites><testsuite name="pytest" errors="0" failures="0" skipped="0" tests="8" time="155.893" timestamp="2021-07-29T10:18:34.759574" hostname="localhost"><testcase classname="tests.test_issuer_v1" name="test_issue_credential" time="64.105" /><testcase classname="tests.test_issuer_v1" name="test_offer_credential" time="11.760" /><testcase classname="tests.test_issuer_v1" name="test_get_x_record" time="0.028" /><testcase classname="tests.test_issuer_v1" name="test_get_records" time="0.034" /><testcase classname="tests.test_issuer_v1" name="test_send_credential_request" time="10.067" /><testcase classname="tests.test_issuer_v1" name="test_store_credential" time="24.199" /><testcase classname="tests.test_issuer_v1" name="test_send_proposal" time="45.573" /><testcase classname="tests.test_issuer_v1" name="test_send_problem_report" time="0.021" /></testsuite></testsuites>