<?xml version="1.0" encoding="utf-8"?><testsuites><testsuite name="pytest" errors="0" failures="0" skipped="0" tests="0" time="0.246" timestamp="2021-10-21T16:38:59.099244" hostname="localhost" /></testsuites>