<?xml version="1.0" encoding="utf-8"?><testsuites><testsuite name="pytest" errors="0" failures="0" skipped="0" tests="2" time="9.732" timestamp="2021-07-15T08:12:27.290504" hostname="localhost"><testcase classname="tests.test_via_web_wallet" name="test_get_pub_did_via_web" time="9.669" /><testcase classname="tests.test_via_web_wallet" name="test_get_pub_did_via_web_no_header" time="0.005" /></testsuite></testsuites>