<?xml version="1.0" encoding="utf-8"?><testsuites><testsuite name="pytest" errors="0" failures="0" skipped="0" tests="0" time="0.273" timestamp="2021-08-10T12:44:29.129482" hostname="localhost" /></testsuites>