<?xml version="1.0" encoding="utf-8"?><testsuites><testsuite name="pytest" errors="0" failures="0" skipped="0" tests="0" time="0.220" timestamp="2021-08-12T10:59:47.139529" hostname="localhost" /></testsuites>