<?xml version="1.0" encoding="utf-8"?><testsuites><testsuite name="pytest" errors="0" failures="0" skipped="0" tests="0" time="0.241" timestamp="2021-09-16T13:58:16.051126" hostname="localhost" /></testsuites>