<?xml version="1.0" encoding="utf-8"?><testsuites><testsuite name="pytest" errors="0" failures="0" skipped="0" tests="0" time="0.337" timestamp="2021-09-16T13:37:29.238368" hostname="localhost" /></testsuites>