<?xml version="1.0" encoding="utf-8"?><testsuites><testsuite name="pytest" errors="0" failures="0" skipped="0" tests="0" time="0.254" timestamp="2021-10-29T10:53:42.879794" hostname="localhost" /></testsuites>