<?xml version="1.0" encoding="utf-8"?><testsuites><testsuite name="pytest" errors="0" failures="0" skipped="0" tests="22" time="0.950" timestamp="2021-10-22T16:07:41.654374" hostname="localhost"><testcase classname="tests.test_actor" name="test_get_actors" time="0.017" /><testcase classname="tests.test_actor" name="test_register_actor" time="0.036" /><testcase classname="tests.test_actor" name="test_update_actor" time="0.025" /><testcase classname="tests.test_actor" name="test_remove_schema" time="0.019" /><testcase classname="tests.test_crud" name="test_get_actors" time="0.004" /><testcase classname="tests.test_crud" name="test_create_actor" time="0.005" /><testcase classname="tests.test_crud" name="test_update_actor" time="0.009" /><testcase classname="tests.test_crud" name="test_delete_actor" time="0.008" /><testcase classname="tests.test_crud" name="test_get_schemas" time="0.006" /><testcase classname="tests.test_crud" name="test_create_schema" time="0.013" /><testcase classname="tests.test_crud" name="test_update_schema" time="0.007" /><testcase classname="tests.test_crud" name="test_delete_schema" time="0.006" /><testcase classname="tests.test_main" name="test_root" time="0.013" /><testcase classname="tests.test_main" name="test_registry" time="0.008" /><testcase classname="tests.test_models" name="test_actor" time="0.002" /><testcase classname="tests.test_models" name="test_schema" time="0.001" /><testcase classname="tests.test_schema" name="test_get_schemas" time="0.014" /><testcase classname="tests.test_schema" name="test_register_schema" time="0.028" /><testcase classname="tests.test_schema" name="test_update_schema" time="0.029" /><testcase classname="tests.test_schema" name="test_remove_schema" time="0.016" /><testcase classname="tests.test_schemas" name="test_actor" time="0.001" /><testcase classname="tests.test_schemas" name="test_schema" time="0.004" /></testsuite></testsuites>