<?xml version="1.0" encoding="utf-8"?><testsuites><testsuite name="pytest" errors="0" failures="0" skipped="0" tests="7" time="61.626" timestamp="2021-09-03T17:49:46.477260" hostname="vineeth-G3-3579"><testcase classname="tests.admin.governance.multitenantwallet.test_wallet_admin" name="test_get_subwallet_auth_token" time="48.705" /><testcase classname="tests.admin.governance.multitenantwallet.test_wallet_admin" name="test_get_subwallet" time="1.958" /><testcase classname="tests.admin.governance.multitenantwallet.test_wallet_admin" name="test_update_wallet" time="1.284" /><testcase classname="tests.admin.governance.multitenantwallet.test_wallet_admin" name="test_query_subwallet" time="1.230" /><testcase classname="tests.admin.governance.multitenantwallet.test_wallet_admin" name="test_query_subwallet_with_name" time="5.924" /><testcase classname="tests.admin.governance.multitenantwallet.test_wallet_admin" name="test_create_wallet" time="1.279" /><testcase classname="tests.admin.governance.multitenantwallet.test_wallet_admin" name="test_remove_by_id" time="1.189" /></testsuite></testsuites>