<?xml version="1.0" encoding="utf-8"?><testsuites><testsuite name="pytest" errors="0" failures="0" skipped="0" tests="73" time="537.305" timestamp="2021-10-11T13:10:14.810885" hostname="localhost"><testcase classname="app.tests.test_acapy_ledger_facade" name="test_error_on_get_taa" time="0.009" /><testcase classname="app.tests.test_acapy_ledger_facade" name="test_error_on_accept_taa" time="0.007" /><testcase classname="app.tests.test_acapy_ledger_facade" name="test_error_on_get_did_endpoint" time="0.005" /><testcase classname="app.tests.test_acapy_wallet_facade" name="test_error_on_get_pub_did" time="0.006" /><testcase classname="app.tests.test_acapy_wallet_facade" name="test_error_on_assign_pub_did" time="0.005" /><testcase classname="app.tests.test_acapy_wallet_facade" name="test_error_on_create_pub_did" time="0.005" /><testcase classname="app.tests.test_connections" name="test_create_invite" time="8.698" /><testcase classname="app.tests.test_connections" name="test_accept_invite" time="9.886" /><testcase classname="app.tests.test_connections" name="test_get_connections" time="9.169" /><testcase classname="app.tests.test_connections" name="test_get_connection_by_id" time="8.021" /><testcase classname="app.tests.test_connections" name="test_delete_connection" time="8.605" /><testcase classname="app.tests.test_connections" name="test_bob_and_alice_connect" time="20.277" /><testcase classname="app.tests.test_connections" name="test_bob_has_agent" time="6.583" /><testcase classname="app.tests.test_connections" name="test_create_invite_oob" time="8.860" /><testcase classname="app.tests.test_connections" name="test_accept_invite_oob" time="9.797" /><testcase classname="app.tests.test_connections" name="test_oob_connect_via_pubdid" time="13.448" /><testcase classname="app.tests.test_dependencies" name="test_extract_token_from_bearer" time="0.008" /><testcase classname="app.tests.test_dependencies" name="test_yoma_agent" time="0.020" /><testcase classname="app.tests.test_dependencies" name="test_ecosystem_agent" time="0.013" /><testcase classname="app.tests.test_dependencies" name="test_member_agent" time="0.013" /><testcase classname="app.tests.test_dependencies" name="test_member_admin_agent" time="0.017" /><testcase classname="app.tests.test_dependencies" name="test_agent_selector[agent_selector-False-AcaPyClient]" time="0.034" /><testcase classname="app.tests.test_dependencies" name="test_agent_selector[admin_agent_selector-True-AcaPyClient]" time="0.030" /><testcase classname="app.tests.test_dependencies" name="test_web_ecosystem_or_member" time="0.091" /><testcase classname="app.tests.test_dependencies" name="test_ecosystem_admin_agent" time="0.011" /><testcase classname="app.tests.test_exception_handler" name="test_error_handler" time="0.042" /><testcase classname="app.tests.test_messaging" name="test_send_trust_ping" time="29.313" /><testcase classname="app.tests.test_messaging" name="test_send_message" time="0.035" /><testcase classname="app.tests.test_utils" name="test_construct_zkp" time="0.001" /><testcase classname="app.tests.test_utils" name="test_construct_zkp_empty" time="0.001" /><testcase classname="app.tests.test_utils" name="test_construct_indy_proof_request" time="0.002" /><testcase classname="app.tests.test_via_web_wallet" name="test_get_pub_did_via_web" time="4.045" /><testcase classname="app.tests.test_via_web_wallet" name="test_get_pub_did_via_web_no_header" time="0.007" /><testcase classname="app.tests.admin.governance.credential_definitions.test_credential_definitions" name="test_create_credential_definition" time="19.728" /><testcase classname="app.tests.admin.governance.credential_definitions.test_credential_definitions" name="test_create_credential_definition_via_web" time="35.522" /><testcase classname="app.tests.admin.governance.credential_definitions.test_credential_definitions" name="test_get_credential_definitions" time="38.304" /><testcase classname="app.tests.admin.governance.credential_definitions.test_credential_definitions" name="test_get_credential_definitions_via_web" time="18.871" /><testcase classname="app.tests.admin.governance.credential_definitions.test_credential_definitions" name="test_get_credential_definition" time="25.444" /><testcase classname="app.tests.admin.governance.credential_definitions.test_credential_definitions" name="test_get_credential_definition_via_web" time="24.397" /><testcase classname="app.tests.admin.governance.dids.test_dids" name="test_get_trusted_registry" time="0.125" /><testcase classname="app.tests.admin.governance.dids.test_dids" name="test_get_trusted_partner" time="6.094" /><testcase classname="app.tests.admin.governance.multitenantwallet.test_wallet_admin" name="test_get_subwallet_auth_token" time="11.608" /><testcase classname="app.tests.admin.governance.multitenantwallet.test_wallet_admin" name="test_get_subwallet" time="4.279" /><testcase classname="app.tests.admin.governance.multitenantwallet.test_wallet_admin" name="test_update_wallet" time="4.616" /><testcase classname="app.tests.admin.governance.multitenantwallet.test_wallet_admin" name="test_query_subwallet" time="4.536" /><testcase classname="app.tests.admin.governance.multitenantwallet.test_wallet_admin" name="test_query_subwallet_with_name" time="17.367" /><testcase classname="app.tests.admin.governance.multitenantwallet.test_wallet_admin" name="test_create_wallet" time="4.479" /><testcase classname="app.tests.admin.governance.multitenantwallet.test_wallet_admin" name="test_remove_by_id" time="4.510" /><testcase classname="app.tests.admin.governance.schemas.test_schemas" name="test_create_schema_via_web" time="6.949" /><testcase classname="app.tests.admin.governance.schemas.test_schemas" name="test_get_schemas_via_web" time="9.098" /><testcase classname="app.tests.admin.governance.schemas.test_schemas" name="test_get_schema_via_web" time="9.179" /><testcase classname="app.tests.admin.governance.schemas.test_schemas" name="test_create_one_schema" time="9.460" /><testcase classname="app.tests.admin.governance.schemas.test_schemas" name="test_update_schemas" time="11.934" /><testcase classname="app.tests.admin.governance.schemas.test_schemas" name="test_create_two_schemas" time="12.391" /><testcase classname="app.tests.admin.governance.schemas.test_schemas" name="test_get_schemas" time="12.124" /><testcase classname="app.tests.admin.governance.schemas.test_schemas" name="test_get_schemas_detail_list" time="12.471" /><testcase classname="app.tests.admin.governance.schemas.test_schemas" name="test_update_schema" time="11.937" /><testcase classname="app.tests.issuer.test_acapy_isser_v1_facade" name="test_get_records" time="0.005" /><testcase classname="app.tests.issuer.test_acapy_isser_v1_facade" name="test_get_records_connection_id" time="0.004" /><testcase classname="app.tests.issuer.test_acapy_isser_v1_facade" name="test_get_record" time="0.004" /><testcase classname="app.tests.issuer.test_acapy_isser_v1_facade" name="test_delete_credential_exchange_with_credential" time="0.005" /><testcase classname="app.tests.issuer.test_acapy_isser_v1_facade" name="test_delete_credential_exchange_without_credential" time="0.005" /><testcase classname="app.tests.issuer.test_acapy_isser_v1_facade" name="test_send_credential" time="0.003" /><testcase classname="app.tests.issuer.test_acapy_isser_v1_facade" name="test_store_credential" time="0.004" /><testcase classname="app.tests.issuer.test_acapy_isser_v1_facade" name="test_request_credential" time="0.009" /><testcase classname="app.tests.issuer.test_acapy_isser_v2_facade" name="test_get_records" time="0.011" /><testcase classname="app.tests.issuer.test_acapy_isser_v2_facade" name="test_get_records_connection_id" time="0.009" /><testcase classname="app.tests.issuer.test_acapy_isser_v2_facade" name="test_get_record" time="0.009" /><testcase classname="app.tests.issuer.test_acapy_isser_v2_facade" name="test_delete_credential_exchange_with_credential" time="0.005" /><testcase classname="app.tests.issuer.test_acapy_isser_v2_facade" name="test_delete_credential_exchange_without_credential" time="0.004" /><testcase classname="app.tests.issuer.test_acapy_isser_v2_facade" name="test_send_credential" time="0.005" /><testcase classname="app.tests.issuer.test_acapy_isser_v2_facade" name="test_store_credential" time="0.004" /><testcase classname="app.tests.issuer.test_acapy_isser_v2_facade" name="test_request_credential" time="0.004" /><testcase time="38.136" /></testsuite></testsuites>