<?xml version="1.0" encoding="utf-8"?><testsuites><testsuite name="pytest" errors="0" failures="0" skipped="0" tests="1" time="89.408" timestamp="2021-07-28T10:23:00.262374" hostname="vineeth-G3-3579"><testcase classname="tests.test_issuer_v2" name="test_all" time="89.381" /></testsuite></testsuites>