<?xml version="1.0" encoding="utf-8"?><testsuites><testsuite name="pytest" errors="0" failures="0" skipped="0" tests="0" time="0.195" timestamp="2021-09-06T20:36:42.236439" hostname="localhost" /></testsuites>