<?xml version="1.0" encoding="utf-8"?><testsuites><testsuite name="pytest" errors="0" failures="0" skipped="0" tests="0" time="0.203" timestamp="2021-09-08T14:55:50.059588" hostname="localhost" /></testsuites>