<?xml version="1.0" encoding="utf-8"?><testsuites><testsuite name="pytest" errors="0" failures="0" skipped="0" tests="7" time="80.118" timestamp="2021-09-06T15:02:59.025093" hostname="localhost"><testcase classname="tests.test_issuer_v1" name="test_issue_credential" time="43.631" /><testcase classname="tests.test_issuer_v1" name="test_get_x_record" time="0.031" /><testcase classname="tests.test_issuer_v1" name="test_get_records" time="0.030" /><testcase classname="tests.test_issuer_v1" name="test_send_credential_request" time="10.064" /><testcase classname="tests.test_issuer_v1" name="test_store_credential" time="19.508" /><testcase classname="tests.test_issuer_v1" name="test_send_proposal" time="6.740" /><testcase classname="tests.test_issuer_v1" name="test_send_problem_report" time="0.041" /></testsuite></testsuites>